2024-11-14 11:21:51.454 [info] [main] 日志级别: Info
2024-11-14 11:21:51.454 [info] [main] 正在验证在以下位置找到的 git: "git"
2024-11-14 11:21:51.454 [info] [main] 使用来自 "git" 的 git "2.47.0"
2024-11-14 11:21:51.454 [info] [Model][doInitialScan] Initial repository scan started
2024-11-14 11:21:51.454 [info] > git rev-parse --show-toplevel [5ms]
2024-11-14 11:21:51.454 [info] fatal: not a git repository (or any parent up to mount point /)
Stopping at filesystem boundary (GIT_DISCOVERY_ACROSS_FILESYSTEM not set).
2024-11-14 11:21:51.454 [info] > git rev-parse --show-toplevel [4ms]
2024-11-14 11:21:51.454 [info] fatal: not a git repository (or any parent up to mount point /)
Stopping at filesystem boundary (GIT_DISCOVERY_ACROSS_FILESYSTEM not set).
2024-11-14 11:21:51.454 [info] > git rev-parse --show-toplevel [18ms]
2024-11-14 11:21:51.454 [info] fatal: not a git repository (or any parent up to mount point /)
Stopping at filesystem boundary (GIT_DISCOVERY_ACROSS_FILESYSTEM not set).
2024-11-14 11:21:51.455 [info] [Model][doInitialScan] Initial repository scan completed - repositories (0), closed repositories (0), parent repositories (0), unsafe repositories (0)
2024-11-14 11:21:51.681 [info] > git rev-parse --show-toplevel [0ms]
2024-11-14 11:21:51.681 [info] fatal: not a git repository (or any parent up to mount point /)
Stopping at filesystem boundary (GIT_DISCOVERY_ACROSS_FILESYSTEM not set).
2024-11-14 11:21:52.317 [info] > git rev-parse --show-toplevel [5ms]
2024-11-14 11:21:52.317 [info] fatal: not a git repository (or any parent up to mount point /)
Stopping at filesystem boundary (GIT_DISCOVERY_ACROSS_FILESYSTEM not set).
