11月 14, 2024 4:54:28 下午 org.apache.aries.spifly.BaseActivator log
信息: Registered provider ch.qos.logback.classic.servlet.LogbackServletContainerInitializer of service jakarta.servlet.ServletContainerInitializer in bundle ch.qos.logback.classic
11月 14, 2024 4:54:28 下午 org.apache.aries.spifly.BaseActivator log
信息: Registered provider ch.qos.logback.classic.spi.LogbackServiceProvider of service org.slf4j.spi.SLF4JServiceProvider in bundle ch.qos.logback.classic
11月 14, 2024 4:54:32 下午 com.microsoft.java.debug.plugin.internal.JavaDebuggerServerPlugin start
信息: Starting com.microsoft.java.debug.plugin
11月 14, 2024 4:54:46 下午 org.eclipse.lsp4j.jsonrpc.RemoteEndpoint handleCancellation
警告: Unmatched cancel notification for request id 94
11月 14, 2024 4:54:46 下午 org.eclipse.lsp4j.jsonrpc.RemoteEndpoint handleCancellation
警告: Unmatched cancel notification for request id 95
11月 14, 2024 4:54:46 下午 org.eclipse.lsp4j.jsonrpc.RemoteEndpoint handleCancellation
警告: Unmatched cancel notification for request id 96
11月 14, 2024 4:54:46 下午 org.eclipse.lsp4j.jsonrpc.RemoteEndpoint handleCancellation
警告: Unmatched cancel notification for request id 97
11月 14, 2024 4:54:46 下午 org.eclipse.lsp4j.jsonrpc.RemoteEndpoint handleCancellation
警告: Unmatched cancel notification for request id 99
11月 14, 2024 4:54:46 下午 org.eclipse.lsp4j.jsonrpc.RemoteEndpoint handleCancellation
警告: Unmatched cancel notification for request id 100
11月 14, 2024 4:54:47 下午 org.eclipse.lsp4j.jsonrpc.RemoteEndpoint handleCancellation
警告: Unmatched cancel notification for request id 101
11月 14, 2024 4:54:47 下午 org.eclipse.lsp4j.jsonrpc.RemoteEndpoint handleCancellation
警告: Unmatched cancel notification for request id 102
11月 14, 2024 4:54:47 下午 org.eclipse.lsp4j.jsonrpc.RemoteEndpoint handleCancellation
警告: Unmatched cancel notification for request id 103
11月 14, 2024 4:54:47 下午 org.eclipse.lsp4j.jsonrpc.RemoteEndpoint handleCancellation
警告: Unmatched cancel notification for request id 105
