2024-11-14 17:34:28.865 [info] [main] 日志级别: Info
2024-11-14 17:34:28.865 [info] [main] 正在验证在以下位置找到的 git: "git"
2024-11-14 17:34:28.865 [info] [main] 使用来自 "git" 的 git "2.47.0"
2024-11-14 17:34:28.865 [info] [Model][doInitialScan] Initial repository scan started
2024-11-14 17:34:28.865 [info] > git rev-parse --show-toplevel [4ms]
2024-11-14 17:34:28.865 [info] fatal: not a git repository (or any parent up to mount point /)
Stopping at filesystem boundary (GIT_DISCOVERY_ACROSS_FILESYSTEM not set).
2024-11-14 17:34:28.865 [info] > git rev-parse --show-toplevel [17ms]
2024-11-14 17:34:28.865 [info] fatal: not a git repository (or any parent up to mount point /)
Stopping at filesystem boundary (GIT_DISCOVERY_ACROSS_FILESYSTEM not set).
2024-11-14 17:34:28.865 [info] [Model][doInitialScan] Initial repository scan completed - repositories (0), closed repositories (0), parent repositories (0), unsafe repositories (0)
2024-11-14 17:34:29.647 [info] > git rev-parse --show-toplevel [2ms]
2024-11-14 17:34:29.647 [info] fatal: not a git repository (or any parent up to mount point /)
Stopping at filesystem boundary (GIT_DISCOVERY_ACROSS_FILESYSTEM not set).
2024-11-14 17:36:31.093 [info] > git rev-parse --show-toplevel [3ms]
2024-11-14 17:36:31.093 [info] fatal: not a git repository (or any parent up to mount point /)
Stopping at filesystem boundary (GIT_DISCOVERY_ACROSS_FILESYSTEM not set).
2024-11-14 17:36:35.565 [info] > git rev-parse --show-toplevel [3ms]
2024-11-14 17:36:35.565 [info] fatal: not a git repository (or any parent up to mount point /)
Stopping at filesystem boundary (GIT_DISCOVERY_ACROSS_FILESYSTEM not set).
2024-11-14 17:36:43.417 [info] > git rev-parse --show-toplevel [3ms]
2024-11-14 17:36:43.417 [info] fatal: not a git repository (or any parent up to mount point /)
Stopping at filesystem boundary (GIT_DISCOVERY_ACROSS_FILESYSTEM not set).
2024-11-14 17:37:19.076 [info] > git rev-parse --show-toplevel [3ms]
2024-11-14 17:37:19.076 [info] fatal: not a git repository (or any parent up to mount point /)
Stopping at filesystem boundary (GIT_DISCOVERY_ACROSS_FILESYSTEM not set).
2024-11-14 17:37:31.624 [info] > git rev-parse --show-toplevel [2ms]
2024-11-14 17:37:31.624 [info] fatal: not a git repository (or any parent up to mount point /)
Stopping at filesystem boundary (GIT_DISCOVERY_ACROSS_FILESYSTEM not set).
2024-11-14 17:38:40.222 [info] > git rev-parse --show-toplevel [3ms]
2024-11-14 17:38:40.222 [info] fatal: not a git repository (or any parent up to mount point /)
Stopping at filesystem boundary (GIT_DISCOVERY_ACROSS_FILESYSTEM not set).
2024-11-14 17:39:59.313 [info] > git rev-parse --show-toplevel [3ms]
2024-11-14 17:39:59.313 [info] fatal: not a git repository (or any parent up to mount point /)
Stopping at filesystem boundary (GIT_DISCOVERY_ACROSS_FILESYSTEM not set).
2024-11-14 17:40:14.275 [info] > git rev-parse --show-toplevel [4ms]
2024-11-14 17:40:14.275 [info] fatal: not a git repository (or any parent up to mount point /)
Stopping at filesystem boundary (GIT_DISCOVERY_ACROSS_FILESYSTEM not set).
2024-11-14 17:41:35.007 [info] > git rev-parse --show-toplevel [2ms]
2024-11-14 17:41:35.007 [info] fatal: not a git repository (or any parent up to mount point /)
Stopping at filesystem boundary (GIT_DISCOVERY_ACROSS_FILESYSTEM not set).
2024-11-14 17:43:37.346 [info] > git rev-parse --show-toplevel [2ms]
2024-11-14 17:43:37.346 [info] fatal: not a git repository (or any parent up to mount point /)
Stopping at filesystem boundary (GIT_DISCOVERY_ACROSS_FILESYSTEM not set).
2024-11-14 17:44:03.095 [info] > git rev-parse --show-toplevel [4ms]
2024-11-14 17:44:03.096 [info] fatal: not a git repository (or any parent up to mount point /)
Stopping at filesystem boundary (GIT_DISCOVERY_ACROSS_FILESYSTEM not set).
2024-11-14 17:44:13.249 [info] > git rev-parse --show-toplevel [4ms]
2024-11-14 17:44:13.249 [info] fatal: not a git repository (or any parent up to mount point /)
Stopping at filesystem boundary (GIT_DISCOVERY_ACROSS_FILESYSTEM not set).
2024-11-14 17:44:23.696 [info] > git rev-parse --show-toplevel [3ms]
2024-11-14 17:44:23.696 [info] fatal: not a git repository (or any parent up to mount point /)
Stopping at filesystem boundary (GIT_DISCOVERY_ACROSS_FILESYSTEM not set).
2024-11-14 17:47:01.956 [info] > git rev-parse --show-toplevel [2ms]
2024-11-14 17:47:01.956 [info] fatal: not a git repository (or any parent up to mount point /)
Stopping at filesystem boundary (GIT_DISCOVERY_ACROSS_FILESYSTEM not set).
2024-11-14 17:49:10.751 [info] > git rev-parse --show-toplevel [3ms]
2024-11-14 17:49:10.751 [info] fatal: not a git repository (or any parent up to mount point /)
Stopping at filesystem boundary (GIT_DISCOVERY_ACROSS_FILESYSTEM not set).
2024-11-14 17:50:05.775 [info] > git rev-parse --show-toplevel [4ms]
2024-11-14 17:50:05.775 [info] fatal: not a git repository (or any parent up to mount point /)
Stopping at filesystem boundary (GIT_DISCOVERY_ACROSS_FILESYSTEM not set).
