2024-11-14 17:08:25.466 [info] Uninstalling extension from the profile: asvetliakov.vscode-neovim@1.18.14 vscode-userdata:/home/HL/.vscode-oss/extensions/extensions.json
2024-11-14 17:08:25.535 [info] Marked extension as uninstalled asvetliakov.vscode-neovim-1.18.14-universal
2024-11-14 17:08:25.588 [error] [uncaught exception in sharedProcess]: Error: ENOENT: no such file or directory, stat '/home/HL/.vscode-oss/extensions/extensions.json.vsctmp': EntryNotFound (FileSystemError): Error: ENOENT: no such file or directory, stat '/home/HL/.vscode-oss/extensions/extensions.json.vsctmp'
    at hm.create (file:///usr/lib/code/out/vs/code/electron-utility/sharedProcess/sharedProcessMain.js:35:39254)
    at Es (file:///usr/lib/code/out/vs/code/electron-utility/sharedProcess/sharedProcessMain.js:35:39361)
    at Fr.ib (file:///usr/lib/code/out/vs/code/electron-utility/sharedProcess/sharedProcessMain.js:71:22677)
    at Fr.stat (file:///usr/lib/code/out/vs/code/electron-utility/sharedProcess/sharedProcessMain.js:71:16010)
    at async Zl.stat (file:///usr/lib/code/out/vs/code/electron-utility/sharedProcess/sharedProcessMain.js:70:84491)
    at async Jl.yb (file:///usr/lib/code/out/vs/code/electron-utility/sharedProcess/sharedProcessMain.js:70:66605)
2024-11-14 17:08:26.490 [info] Successfully uninstalled extension from the profile asvetliakov.vscode-neovim@1.18.14 vscode-userdata:/home/HL/.vscode-oss/extensions/extensions.json
2024-11-14 17:08:33.120 [info] Getting Manifest... asvetliakov.vscode-neovim
2024-11-14 17:08:35.973 [info] Installing extension: asvetliakov.vscode-neovim {"isMachineScoped":false,"installPreReleaseVersion":false,"pinned":false,"profileLocation":{"$mid":1,"external":"vscode-userdata:/home/HL/.vscode-oss/extensions/extensions.json","path":"/home/HL/.vscode-oss/extensions/extensions.json","scheme":"vscode-userdata"},"installOnlyNewlyAddedFromExtensionPack":true,"isApplicationScoped":false,"productVersion":{"version":"1.95.1","date":"2024-11-01T17:20:55.708Z"}}
2024-11-14 17:08:36.068 [info] Removed the extension from uninstalled list: asvetliakov.vscode-neovim
2024-11-14 17:08:36.117 [info] Extension installed successfully: asvetliakov.vscode-neovim vscode-userdata:/home/HL/.vscode-oss/extensions/extensions.json
2024-11-14 17:08:36.175 [error] [uncaught exception in sharedProcess]: Error: ENOENT: no such file or directory, stat '/home/HL/.vscode-oss/extensions/extensions.json.vsctmp': EntryNotFound (FileSystemError): Error: ENOENT: no such file or directory, stat '/home/HL/.vscode-oss/extensions/extensions.json.vsctmp'
    at hm.create (file:///usr/lib/code/out/vs/code/electron-utility/sharedProcess/sharedProcessMain.js:35:39254)
    at Es (file:///usr/lib/code/out/vs/code/electron-utility/sharedProcess/sharedProcessMain.js:35:39361)
    at Fr.ib (file:///usr/lib/code/out/vs/code/electron-utility/sharedProcess/sharedProcessMain.js:71:22677)
    at Fr.stat (file:///usr/lib/code/out/vs/code/electron-utility/sharedProcess/sharedProcessMain.js:71:16010)
    at async Zl.stat (file:///usr/lib/code/out/vs/code/electron-utility/sharedProcess/sharedProcessMain.js:70:84491)
    at async Jl.yb (file:///usr/lib/code/out/vs/code/electron-utility/sharedProcess/sharedProcessMain.js:70:66605)
2024-11-14 17:14:40.700 [info] Getting Manifest... vscode-snippet.snippet
2024-11-14 17:14:42.432 [info] Installing extension: vscode-snippet.snippet {"isMachineScoped":false,"installPreReleaseVersion":false,"pinned":true,"profileLocation":{"$mid":1,"external":"vscode-userdata:/home/HL/.vscode-oss/extensions/extensions.json","path":"/home/HL/.vscode-oss/extensions/extensions.json","scheme":"vscode-userdata"},"installOnlyNewlyAddedFromExtensionPack":true,"isApplicationScoped":false,"productVersion":{"version":"1.95.1","date":"2024-11-01T17:20:55.708Z"}}
2024-11-14 17:14:45.661 [error] Could not load vsce-sign module Cannot find package '@vscode/vsce-sign' imported from /usr/lib/code/out/vs/code/electron-utility/sharedProcess/sharedProcessMain.js
2024-11-14 17:14:45.661 [info] Extension signature verification is not done: vscode-snippet.snippet
2024-11-14 17:14:45.830 [info] Extracted extension to file:///home/HL/.vscode-oss/extensions/vscode-snippet.snippet-1.2.0-universal: vscode-snippet.snippet
2024-11-14 17:14:45.838 [info] Renamed to /home/HL/.vscode-oss/extensions/vscode-snippet.snippet-1.2.0-universal
2024-11-14 17:14:45.893 [info] Extension installed successfully: vscode-snippet.snippet vscode-userdata:/home/HL/.vscode-oss/extensions/extensions.json
