2024-11-14 11:20:42.602 [info] Extension host with pid 3706 started
2024-11-14 11:20:42.602 [info] Skipping acquiring lock for /home/HL/.config/Code - OSS/User/workspaceStorage/8d068793398938d5f428bef21cd72209.
2024-11-14 11:20:42.807 [info] ExtensionService#_doActivateExtension vscode.emmet, startup: false, activationEvent: 'onLanguage'
2024-11-14 11:20:42.808 [info] ExtensionService#_doActivateExtension redhat.java, startup: false, activationEvent: 'onLanguage:java'
2024-11-14 11:20:42.936 [info] ExtensionService#_doActivateExtension vscjava.vscode-java-debug, startup: false, activationEvent: 'onLanguage:java'
2024-11-14 11:20:42.977 [info] ExtensionService#_doActivateExtension vscjava.vscode-java-dependency, startup: false, activationEvent: 'onLanguage:java'
2024-11-14 11:20:43.059 [info] ExtensionService#_doActivateExtension vscjava.vscode-java-pack, startup: false, activationEvent: 'onLanguage:java'
2024-11-14 11:20:43.138 [info] Extension host with pid 3828 started
2024-11-14 11:20:43.138 [info] Skipping acquiring lock for /home/HL/.config/Code - OSS/User/workspaceStorage/8d068793398938d5f428bef21cd72209.
2024-11-14 11:20:43.145 [info] Eager extensions activated
2024-11-14 11:20:43.153 [info] ExtensionService#_doActivateExtension asvetliakov.vscode-neovim, startup: false, activationEvent: 'onStartupFinished'
2024-11-14 11:20:43.338 [warning] [redhat.java] Accessing a resource scoped configuration without providing a resource is not expected. To get the effective value for '[java]', provide the URI of a resource or 'null' for any resource.
2024-11-14 11:20:43.367 [info] ExtensionService#_doActivateExtension vscjava.vscode-java-test, startup: false, activationEvent: 'onLanguage:java'
2024-11-14 11:20:43.625 [warning] [redhat.java] Accessing a resource scoped configuration without providing a resource is not expected. To get the effective value for '[java]', provide the URI of a resource or 'null' for any resource.
2024-11-14 11:20:43.726 [info] ExtensionService#_doActivateExtension vscode.git-base, startup: true, activationEvent: '*', root cause: vscode.git
2024-11-14 11:20:43.790 [info] ExtensionService#_doActivateExtension vscode.git, startup: true, activationEvent: '*'
2024-11-14 11:20:43.790 [info] ExtensionService#_doActivateExtension vscode.github, startup: true, activationEvent: '*'
2024-11-14 11:20:43.951 [info] Eager extensions activated
2024-11-14 11:20:43.976 [info] ExtensionService#_doActivateExtension vscode.debug-auto-launch, startup: false, activationEvent: 'onStartupFinished'
2024-11-14 11:20:43.977 [info] ExtensionService#_doActivateExtension vscode.merge-conflict, startup: false, activationEvent: 'onStartupFinished'
2024-11-14 11:20:43.977 [info] ExtensionService#_doActivateExtension formulahendry.code-runner, startup: false, activationEvent: 'onStartupFinished'
