2024-11-14 16:54:16.740 [info] Extension host with pid 148585 started
2024-11-14 16:54:16.740 [info] Skipping acquiring lock for /home/HL/.config/Code - OSS/User/workspaceStorage/e92101f2f0c18452b4068824adeacd46.
2024-11-14 16:54:16.785 [info] ExtensionService#_doActivateExtension vscode.git-base, startup: true, activationEvent: '*', root cause: vscode.git
2024-11-14 16:54:17.026 [info] ExtensionService#_doActivateExtension vscode.git, startup: true, activationEvent: '*'
2024-11-14 16:54:17.027 [info] ExtensionService#_doActivateExtension vscode.github, startup: true, activationEvent: '*'
2024-11-14 16:54:17.160 [info] Eager extensions activated
2024-11-14 16:54:17.184 [info] ExtensionService#_doActivateExtension vscode.debug-auto-launch, startup: false, activationEvent: 'onStartupFinished'
2024-11-14 16:54:17.185 [info] ExtensionService#_doActivateExtension vscode.merge-conflict, startup: false, activationEvent: 'onStartupFinished'
2024-11-14 16:54:17.186 [info] ExtensionService#_doActivateExtension formulahendry.code-runner, startup: false, activationEvent: 'onStartupFinished'
2024-11-14 16:54:17.262 [info] Extension host with pid 148632 started
2024-11-14 16:54:17.262 [info] Skipping acquiring lock for /home/HL/.config/Code - OSS/User/workspaceStorage/e92101f2f0c18452b4068824adeacd46.
2024-11-14 16:54:17.262 [info] Eager extensions activated
2024-11-14 16:54:17.266 [info] ExtensionService#_doActivateExtension asvetliakov.vscode-neovim, startup: false, activationEvent: 'onStartupFinished'
2024-11-14 16:54:26.776 [info] ExtensionService#_doActivateExtension redhat.java, startup: false, activationEvent: 'onLanguage:java'
2024-11-14 16:54:26.949 [info] ExtensionService#_doActivateExtension vscjava.vscode-java-debug, startup: false, activationEvent: 'onLanguage:java'
2024-11-14 16:54:27.001 [info] ExtensionService#_doActivateExtension vscjava.vscode-java-dependency, startup: false, activationEvent: 'onLanguage:java'
2024-11-14 16:54:27.081 [info] ExtensionService#_doActivateExtension vscjava.vscode-java-pack, startup: false, activationEvent: 'onLanguage:java'
2024-11-14 16:54:27.160 [info] ExtensionService#_doActivateExtension vscode.emmet, startup: false, activationEvent: 'onLanguage'
2024-11-14 16:54:27.372 [warning] [redhat.java] Accessing a resource scoped configuration without providing a resource is not expected. To get the effective value for '[java]', provide the URI of a resource or 'null' for any resource.
2024-11-14 16:54:27.406 [info] ExtensionService#_doActivateExtension vscjava.vscode-java-test, startup: false, activationEvent: 'onLanguage:java'
2024-11-14 16:54:27.465 [warning] [redhat.java] Accessing a resource scoped configuration without providing a resource is not expected. To get the effective value for '[java]', provide the URI of a resource or 'null' for any resource.
2024-11-14 16:54:29.205 [error] Error: ENOENT: no such file or directory, open '/home/HL/.config/Code - OSS/User/workspaceStorage/e92101f2f0c18452b4068824adeacd46/redhat.java/jdt_ws/.metadata/.log'
	at async open (node:internal/fs/promises:639:25)
	at async Object.readFile (node:internal/fs/promises:1242:14)
2024-11-14 16:54:30.391 [error] [redhat.java] provider FAILED
2024-11-14 16:54:30.396 [error] Error: The request (id: 3, method: 'textDocument/documentSymbol') has been cancelled
	at /home/HL/.vscode-oss/extensions/redhat.java-1.36.0-linux-x64/dist/extension.js:2:1072098
	at re (/home/HL/.vscode-oss/extensions/redhat.java-1.36.0-linux-x64/dist/extension.js:2:1072392)
	at /home/HL/.vscode-oss/extensions/redhat.java-1.36.0-linux-x64/dist/extension.js:2:1067176
	at Immediate.<anonymous> (/home/HL/.vscode-oss/extensions/redhat.java-1.36.0-linux-x64/dist/extension.js:2:1067196)
	at process.processImmediate (node:internal/timers:483:21)
2024-11-14 16:54:46.524 [error] [redhat.java] provider FAILED
2024-11-14 16:54:46.524 [error] TypeError: Cannot read properties of null (reading 'documentation')
	at /home/HL/.vscode-oss/extensions/redhat.java-1.36.0-linux-x64/dist/extension.js:2:887398
	at Generator.next (<anonymous>)
	at s (/home/HL/.vscode-oss/extensions/redhat.java-1.36.0-linux-x64/dist/extension.js:2:872776)
2024-11-14 16:54:46.545 [error] [redhat.java] provider FAILED
2024-11-14 16:54:46.546 [error] TypeError: Cannot read properties of null (reading 'documentation')
	at /home/HL/.vscode-oss/extensions/redhat.java-1.36.0-linux-x64/dist/extension.js:2:887398
	at Generator.next (<anonymous>)
	at s (/home/HL/.vscode-oss/extensions/redhat.java-1.36.0-linux-x64/dist/extension.js:2:872776)
	at runNextTicks (node:internal/process/task_queues:60:5)
	at process.processImmediate (node:internal/timers:454:9)
2024-11-14 16:54:46.712 [error] [redhat.java] provider FAILED
2024-11-14 16:54:46.712 [error] TypeError: Cannot read properties of null (reading 'documentation')
	at /home/HL/.vscode-oss/extensions/redhat.java-1.36.0-linux-x64/dist/extension.js:2:887398
	at Generator.next (<anonymous>)
	at s (/home/HL/.vscode-oss/extensions/redhat.java-1.36.0-linux-x64/dist/extension.js:2:872776)
2024-11-14 16:54:46.792 [error] [redhat.java] provider FAILED
2024-11-14 16:54:46.792 [error] TypeError: Cannot read properties of null (reading 'documentation')
	at /home/HL/.vscode-oss/extensions/redhat.java-1.36.0-linux-x64/dist/extension.js:2:887398
	at Generator.next (<anonymous>)
	at s (/home/HL/.vscode-oss/extensions/redhat.java-1.36.0-linux-x64/dist/extension.js:2:872776)
2024-11-14 16:54:47.060 [error] [redhat.java] provider FAILED
2024-11-14 16:54:47.060 [error] TypeError: Cannot read properties of null (reading 'documentation')
	at /home/HL/.vscode-oss/extensions/redhat.java-1.36.0-linux-x64/dist/extension.js:2:887398
	at Generator.next (<anonymous>)
	at s (/home/HL/.vscode-oss/extensions/redhat.java-1.36.0-linux-x64/dist/extension.js:2:872776)
2024-11-14 16:54:47.192 [error] [redhat.java] provider FAILED
2024-11-14 16:54:47.192 [error] TypeError: Cannot read properties of null (reading 'documentation')
	at /home/HL/.vscode-oss/extensions/redhat.java-1.36.0-linux-x64/dist/extension.js:2:887398
	at Generator.next (<anonymous>)
	at s (/home/HL/.vscode-oss/extensions/redhat.java-1.36.0-linux-x64/dist/extension.js:2:872776)
2024-11-14 16:54:52.860 [error] [redhat.java] provider FAILED
2024-11-14 16:54:52.860 [error] Error: The request (id: 196, method: 'textDocument/documentSymbol') has been cancelled
	at /home/HL/.vscode-oss/extensions/redhat.java-1.36.0-linux-x64/dist/extension.js:2:1072098
	at re (/home/HL/.vscode-oss/extensions/redhat.java-1.36.0-linux-x64/dist/extension.js:2:1072392)
	at /home/HL/.vscode-oss/extensions/redhat.java-1.36.0-linux-x64/dist/extension.js:2:1067176
	at Immediate.<anonymous> (/home/HL/.vscode-oss/extensions/redhat.java-1.36.0-linux-x64/dist/extension.js:2:1067196)
	at process.processImmediate (node:internal/timers:483:21)
2024-11-14 16:55:11.701 [error] [redhat.java] provider FAILED
2024-11-14 16:55:11.701 [error] Error: The request (id: 425, method: 'textDocument/documentSymbol') has been cancelled
	at /home/HL/.vscode-oss/extensions/redhat.java-1.36.0-linux-x64/dist/extension.js:2:1072098
	at re (/home/HL/.vscode-oss/extensions/redhat.java-1.36.0-linux-x64/dist/extension.js:2:1072392)
	at /home/HL/.vscode-oss/extensions/redhat.java-1.36.0-linux-x64/dist/extension.js:2:1067176
	at Immediate.<anonymous> (/home/HL/.vscode-oss/extensions/redhat.java-1.36.0-linux-x64/dist/extension.js:2:1067196)
	at process.processImmediate (node:internal/timers:483:21)
