11月 14, 2024 5:34:28 下午 org.apache.aries.spifly.BaseActivator log
信息: Registered provider ch.qos.logback.classic.servlet.LogbackServletContainerInitializer of service jakarta.servlet.ServletContainerInitializer in bundle ch.qos.logback.classic
11月 14, 2024 5:34:28 下午 org.apache.aries.spifly.BaseActivator log
信息: Registered provider ch.qos.logback.classic.spi.LogbackServiceProvider of service org.slf4j.spi.SLF4JServiceProvider in bundle ch.qos.logback.classic
11月 14, 2024 5:34:32 下午 com.microsoft.java.debug.plugin.internal.JavaDebuggerServerPlugin start
信息: Starting com.microsoft.java.debug.plugin
11月 14, 2024 5:39:08 下午 org.eclipse.lsp4j.jsonrpc.RemoteEndpoint handleCancellation
警告: Unmatched cancel notification for request id 187
11月 14, 2024 5:39:08 下午 org.eclipse.lsp4j.jsonrpc.RemoteEndpoint handleCancellation
警告: Unmatched cancel notification for request id 188
11月 14, 2024 5:39:08 下午 org.eclipse.lsp4j.jsonrpc.RemoteEndpoint handleCancellation
警告: Unmatched cancel notification for request id 189
11月 14, 2024 5:39:08 下午 org.eclipse.lsp4j.jsonrpc.RemoteEndpoint handleCancellation
警告: Unmatched cancel notification for request id 190
11月 14, 2024 5:39:08 下午 org.eclipse.lsp4j.jsonrpc.RemoteEndpoint handleCancellation
警告: Unmatched cancel notification for request id 193
11月 14, 2024 5:39:08 下午 org.eclipse.lsp4j.jsonrpc.RemoteEndpoint handleCancellation
警告: Unmatched cancel notification for request id 194
11月 14, 2024 5:41:34 下午 com.microsoft.java.debug.core.UsageDataSession recordInfo
信息: launch debug info
11月 14, 2024 5:41:36 下午 com.microsoft.java.debug.core.UsageDataSession recordResponse
警告: abnormal response
11月 14, 2024 5:41:37 下午 com.microsoft.java.debug.core.UsageDataSession submitUsageData
信息: session usage data summary
