2024-11-14 17:18:42.193 [info] Started local extension host with pid 24225.
2024-11-14 17:18:42.438 [error] Extension 'ms-python.debugpy CANNOT USE these API proposals 'portsAttributes, contribIssueReporter, debugVisualization, contribViewsWelcome'. You MUST start in extension development mode or use the --enable-proposed-api command line flag
2024-11-14 17:18:42.438 [error] Extension 'ms-python.python CANNOT USE these API proposals 'contribEditorContentMenu, quickPickSortByLabel, testObserver, quickPickItemTooltip, terminalDataWriteEvent, terminalExecuteCommandEvent, codeActionAI, notebookReplDocument, notebookVariableProvider'. You MUST start in extension development mode or use the --enable-proposed-api command line flag
2024-11-14 17:18:42.443 [info] Placing extension(s) asvetliakov.vscode-neovim on a separate extension host.
2024-11-14 17:18:42.446 [error] [tht13.python]: "configuration.jsonValidation.url" 必须是绝对 URL 或者以 "./" 开头，以引用扩展中的架构。
2024-11-14 17:18:42.451 [error] [EricSia.pythonsnippets3]: "contributes.pythonsnippets3.language" 中包含未知语言。提供的值: django-html
2024-11-14 17:18:42.451 [error] [EricSia.pythonsnippets3]: "contributes.pythonsnippets3.language" 中包含未知语言。提供的值: django-txt
2024-11-14 17:18:42.452 [error] [idleberg.icon-fonts]: "contributes.icon-fonts.language" 中包含未知语言。提供的值: blade
2024-11-14 17:18:42.452 [error] [idleberg.icon-fonts]: "contributes.icon-fonts.language" 中包含未知语言。提供的值: blade
2024-11-14 17:18:42.452 [error] [idleberg.icon-fonts]: "contributes.icon-fonts.language" 中包含未知语言。提供的值: blade
2024-11-14 17:18:42.452 [error] [idleberg.icon-fonts]: "contributes.icon-fonts.language" 中包含未知语言。提供的值: blade
2024-11-14 17:18:42.452 [error] [idleberg.icon-fonts]: "contributes.icon-fonts.language" 中包含未知语言。提供的值: blade
2024-11-14 17:18:42.453 [error] [idleberg.icon-fonts]: "contributes.icon-fonts.language" 中包含未知语言。提供的值: blade
2024-11-14 17:18:42.453 [error] [idleberg.icon-fonts]: "contributes.icon-fonts.language" 中包含未知语言。提供的值: blade
2024-11-14 17:18:42.453 [error] [idleberg.icon-fonts]: "contributes.icon-fonts.language" 中包含未知语言。提供的值: blade
2024-11-14 17:18:42.453 [error] [idleberg.icon-fonts]: "contributes.icon-fonts.language" 中包含未知语言。提供的值: blade
2024-11-14 17:18:42.453 [error] [idleberg.icon-fonts]: "contributes.icon-fonts.language" 中包含未知语言。提供的值: blade
2024-11-14 17:18:42.453 [error] [idleberg.icon-fonts]: "contributes.icon-fonts.language" 中包含未知语言。提供的值: blade
2024-11-14 17:18:42.454 [error] [idleberg.icon-fonts]: "contributes.icon-fonts.language" 中包含未知语言。提供的值: blade
2024-11-14 17:18:42.454 [error] [idleberg.icon-fonts]: "contributes.icon-fonts.language" 中包含未知语言。提供的值: blade
2024-11-14 17:18:42.454 [error] [idleberg.icon-fonts]: "contributes.icon-fonts.language" 中包含未知语言。提供的值: blade
2024-11-14 17:18:42.454 [error] [idleberg.icon-fonts]: "contributes.icon-fonts.language" 中包含未知语言。提供的值: blade
2024-11-14 17:18:42.454 [error] [idleberg.icon-fonts]: "contributes.icon-fonts.language" 中包含未知语言。提供的值: blade
2024-11-14 17:18:42.454 [error] [idleberg.icon-fonts]: "contributes.icon-fonts.language" 中包含未知语言。提供的值: blade
2024-11-14 17:18:42.455 [error] [idleberg.icon-fonts]: "contributes.icon-fonts.language" 中包含未知语言。提供的值: blade
2024-11-14 17:18:42.455 [error] [idleberg.icon-fonts]: "contributes.icon-fonts.language" 中包含未知语言。提供的值: blade
2024-11-14 17:18:42.455 [error] [idleberg.icon-fonts]: "contributes.icon-fonts.language" 中包含未知语言。提供的值: blade
2024-11-14 17:18:42.455 [error] [idleberg.icon-fonts]: "contributes.icon-fonts.language" 中包含未知语言。提供的值: blade
2024-11-14 17:18:42.455 [error] [idleberg.icon-fonts]: "contributes.icon-fonts.language" 中包含未知语言。提供的值: blade
2024-11-14 17:18:42.456 [error] [idleberg.icon-fonts]: "contributes.icon-fonts.language" 中包含未知语言。提供的值: blade
2024-11-14 17:18:42.456 [error] [idleberg.icon-fonts]: "contributes.icon-fonts.language" 中包含未知语言。提供的值: blade
2024-11-14 17:18:42.456 [error] [idleberg.icon-fonts]: "contributes.icon-fonts.language" 中包含未知语言。提供的值: blade
2024-11-14 17:18:42.456 [error] [idleberg.icon-fonts]: "contributes.icon-fonts.language" 中包含未知语言。提供的值: blade
2024-11-14 17:18:42.456 [error] [idleberg.icon-fonts]: "contributes.icon-fonts.language" 中包含未知语言。提供的值: blade
2024-11-14 17:18:42.456 [error] [idleberg.icon-fonts]: "contributes.icon-fonts.language" 中包含未知语言。提供的值: vue-html
2024-11-14 17:18:42.457 [error] [idleberg.icon-fonts]: "contributes.icon-fonts.language" 中包含未知语言。提供的值: vue-html
2024-11-14 17:18:42.457 [error] [idleberg.icon-fonts]: "contributes.icon-fonts.language" 中包含未知语言。提供的值: vue-html
2024-11-14 17:18:42.457 [error] [idleberg.icon-fonts]: "contributes.icon-fonts.language" 中包含未知语言。提供的值: vue-html
2024-11-14 17:18:42.457 [error] [idleberg.icon-fonts]: "contributes.icon-fonts.language" 中包含未知语言。提供的值: vue-html
2024-11-14 17:18:42.457 [error] [idleberg.icon-fonts]: "contributes.icon-fonts.language" 中包含未知语言。提供的值: vue-html
2024-11-14 17:18:42.458 [error] [idleberg.icon-fonts]: "contributes.icon-fonts.language" 中包含未知语言。提供的值: vue-html
2024-11-14 17:18:42.458 [error] [idleberg.icon-fonts]: "contributes.icon-fonts.language" 中包含未知语言。提供的值: vue-html
2024-11-14 17:18:42.458 [error] [idleberg.icon-fonts]: "contributes.icon-fonts.language" 中包含未知语言。提供的值: vue-html
2024-11-14 17:18:42.458 [error] [idleberg.icon-fonts]: "contributes.icon-fonts.language" 中包含未知语言。提供的值: vue-html
2024-11-14 17:18:42.458 [error] [idleberg.icon-fonts]: "contributes.icon-fonts.language" 中包含未知语言。提供的值: vue-html
2024-11-14 17:18:42.459 [error] [idleberg.icon-fonts]: "contributes.icon-fonts.language" 中包含未知语言。提供的值: vue-html
2024-11-14 17:18:42.459 [error] [idleberg.icon-fonts]: "contributes.icon-fonts.language" 中包含未知语言。提供的值: vue-html
2024-11-14 17:18:42.459 [error] [idleberg.icon-fonts]: "contributes.icon-fonts.language" 中包含未知语言。提供的值: vue-html
2024-11-14 17:18:42.459 [error] [idleberg.icon-fonts]: "contributes.icon-fonts.language" 中包含未知语言。提供的值: vue-html
2024-11-14 17:18:42.459 [error] [idleberg.icon-fonts]: "contributes.icon-fonts.language" 中包含未知语言。提供的值: vue-html
2024-11-14 17:18:42.460 [error] [idleberg.icon-fonts]: "contributes.icon-fonts.language" 中包含未知语言。提供的值: vue-html
2024-11-14 17:18:42.460 [error] [idleberg.icon-fonts]: "contributes.icon-fonts.language" 中包含未知语言。提供的值: vue-html
2024-11-14 17:18:42.462 [error] [idleberg.icon-fonts]: "contributes.icon-fonts.language" 中包含未知语言。提供的值: vue-html
2024-11-14 17:18:42.462 [error] [idleberg.icon-fonts]: "contributes.icon-fonts.language" 中包含未知语言。提供的值: vue-html
2024-11-14 17:18:42.462 [error] [idleberg.icon-fonts]: "contributes.icon-fonts.language" 中包含未知语言。提供的值: vue-html
2024-11-14 17:18:42.462 [error] [idleberg.icon-fonts]: "contributes.icon-fonts.language" 中包含未知语言。提供的值: vue-html
2024-11-14 17:18:42.463 [error] [idleberg.icon-fonts]: "contributes.icon-fonts.language" 中包含未知语言。提供的值: vue-html
2024-11-14 17:18:42.463 [error] [idleberg.icon-fonts]: "contributes.icon-fonts.language" 中包含未知语言。提供的值: vue-html
2024-11-14 17:18:42.463 [error] [idleberg.icon-fonts]: "contributes.icon-fonts.language" 中包含未知语言。提供的值: vue-html
2024-11-14 17:18:42.463 [error] [idleberg.icon-fonts]: "contributes.icon-fonts.language" 中包含未知语言。提供的值: vue-html
2024-11-14 17:18:42.464 [error] [idleberg.icon-fonts]: "contributes.icon-fonts.language" 中包含未知语言。提供的值: vue-html
2024-11-14 17:18:42.464 [error] [idleberg.icon-fonts]: "contributes.icon-fonts.language" 中包含未知语言。提供的值: svelte
2024-11-14 17:18:42.464 [error] [idleberg.icon-fonts]: "contributes.icon-fonts.language" 中包含未知语言。提供的值: svelte
2024-11-14 17:18:42.464 [error] [idleberg.icon-fonts]: "contributes.icon-fonts.language" 中包含未知语言。提供的值: svelte
2024-11-14 17:18:42.465 [error] [idleberg.icon-fonts]: "contributes.icon-fonts.language" 中包含未知语言。提供的值: svelte
2024-11-14 17:18:42.465 [error] [idleberg.icon-fonts]: "contributes.icon-fonts.language" 中包含未知语言。提供的值: svelte
2024-11-14 17:18:42.465 [error] [idleberg.icon-fonts]: "contributes.icon-fonts.language" 中包含未知语言。提供的值: svelte
2024-11-14 17:18:42.465 [error] [idleberg.icon-fonts]: "contributes.icon-fonts.language" 中包含未知语言。提供的值: svelte
2024-11-14 17:18:42.465 [error] [idleberg.icon-fonts]: "contributes.icon-fonts.language" 中包含未知语言。提供的值: svelte
2024-11-14 17:18:42.466 [error] [idleberg.icon-fonts]: "contributes.icon-fonts.language" 中包含未知语言。提供的值: svelte
2024-11-14 17:18:42.466 [error] [idleberg.icon-fonts]: "contributes.icon-fonts.language" 中包含未知语言。提供的值: svelte
2024-11-14 17:18:42.466 [error] [idleberg.icon-fonts]: "contributes.icon-fonts.language" 中包含未知语言。提供的值: svelte
2024-11-14 17:18:42.466 [error] [idleberg.icon-fonts]: "contributes.icon-fonts.language" 中包含未知语言。提供的值: svelte
2024-11-14 17:18:42.466 [error] [idleberg.icon-fonts]: "contributes.icon-fonts.language" 中包含未知语言。提供的值: svelte
2024-11-14 17:18:42.466 [error] [idleberg.icon-fonts]: "contributes.icon-fonts.language" 中包含未知语言。提供的值: svelte
2024-11-14 17:18:42.467 [error] [idleberg.icon-fonts]: "contributes.icon-fonts.language" 中包含未知语言。提供的值: svelte
2024-11-14 17:18:42.467 [error] [idleberg.icon-fonts]: "contributes.icon-fonts.language" 中包含未知语言。提供的值: svelte
2024-11-14 17:18:42.467 [error] [idleberg.icon-fonts]: "contributes.icon-fonts.language" 中包含未知语言。提供的值: svelte
2024-11-14 17:18:42.467 [error] [idleberg.icon-fonts]: "contributes.icon-fonts.language" 中包含未知语言。提供的值: svelte
2024-11-14 17:18:42.467 [error] [idleberg.icon-fonts]: "contributes.icon-fonts.language" 中包含未知语言。提供的值: svelte
2024-11-14 17:18:42.467 [error] [idleberg.icon-fonts]: "contributes.icon-fonts.language" 中包含未知语言。提供的值: svelte
2024-11-14 17:18:42.468 [error] [idleberg.icon-fonts]: "contributes.icon-fonts.language" 中包含未知语言。提供的值: svelte
2024-11-14 17:18:42.468 [error] [idleberg.icon-fonts]: "contributes.icon-fonts.language" 中包含未知语言。提供的值: svelte
2024-11-14 17:18:42.468 [error] [idleberg.icon-fonts]: "contributes.icon-fonts.language" 中包含未知语言。提供的值: svelte
2024-11-14 17:18:42.468 [error] [idleberg.icon-fonts]: "contributes.icon-fonts.language" 中包含未知语言。提供的值: svelte
2024-11-14 17:18:42.468 [error] [idleberg.icon-fonts]: "contributes.icon-fonts.language" 中包含未知语言。提供的值: svelte
2024-11-14 17:18:42.468 [error] [idleberg.icon-fonts]: "contributes.icon-fonts.language" 中包含未知语言。提供的值: svelte
2024-11-14 17:18:42.468 [error] [idleberg.icon-fonts]: "contributes.icon-fonts.language" 中包含未知语言。提供的值: svelte
2024-11-14 17:18:42.471 [error] [ms-python.debugpy]: issue/reporter 是建议的菜单标识符。它需要 “package.json#enabledApiProposals: [“contribIssueReporter”]”，并且仅在开发用完或使用以下命令行开关时可用: --enable-proposed-api ms-python.debugpy
2024-11-14 17:18:42.471 [error] [ms-python.python]: issue/reporter 是建议的菜单标识符。它需要 “package.json#enabledApiProposals: [“contribIssueReporter”]”，并且仅在开发用完或使用以下命令行开关时可用: --enable-proposed-api ms-python.python
2024-11-14 17:18:42.471 [error] [ms-python.python]: editor/content 是建议的菜单标识符。它需要 “package.json#enabledApiProposals: [“contribEditorContentMenu”]”，并且仅在开发用完或使用以下命令行开关时可用: --enable-proposed-api ms-python.python
2024-11-14 17:18:42.475 [warning] [REditorSupport.r]: 无法注册“r.rpath.windows”。此属性已注册。
2024-11-14 17:18:42.476 [warning] [REditorSupport.r]: 无法注册“r.rpath.mac”。此属性已注册。
2024-11-14 17:18:42.476 [warning] [REditorSupport.r]: 无法注册“r.rpath.linux”。此属性已注册。
2024-11-14 17:18:42.597 [info] Started local extension host with pid 24279.
2024-11-14 17:18:44.916 [info] [perf] Render performance baseline is 35ms
2024-11-14 17:18:46.331 [error] Error: 无法读取文件'/home/HL/.vscode-oss/extensions/idleberg.icon-fonts-2.5.4-universal/snippets/css/fi.json' (Error: 无法解析不存在的文件 '/home/HL/.vscode-oss/extensions/idleberg.icon-fonts-2.5.4-universal/snippets/css/fi.json')
    at Pnt.F (vscode-file://vscode-app/usr/lib/code/out/vs/workbench/workbench.desktop.main.js:3088:69694)
    at Pnt.D (vscode-file://vscode-app/usr/lib/code/out/vs/workbench/workbench.desktop.main.js:3088:69519)
    at async Pnt.C (vscode-file://vscode-app/usr/lib/code/out/vs/workbench/workbench.desktop.main.js:3088:68887)
    at async Wrt.readExtensionResource (vscode-file://vscode-app/usr/lib/code/out/vs/workbench/workbench.desktop.main.js:3114:2109)
    at async Promise.all (index 43)
    at async LPe.getSnippets (vscode-file://vscode-app/usr/lib/code/out/vs/workbench/workbench.desktop.main.js:494:20141)
    at async SPe.provideCompletionItems (vscode-file://vscode-app/usr/lib/code/out/vs/workbench/workbench.desktop.main.js:494:14532)
    at async vscode-file://vscode-app/usr/lib/code/out/vs/workbench/workbench.desktop.main.js:433:31518 file:///home/HL/.vscode-oss/extensions/idleberg.icon-fonts-2.5.4-universal/snippets/css/fi.json
2024-11-14 17:18:46.498 [error] Error: 无法读取文件'/home/HL/.vscode-oss/extensions/idleberg.icon-fonts-2.5.4-universal/snippets/html/fi.json' (Error: 无法解析不存在的文件 '/home/HL/.vscode-oss/extensions/idleberg.icon-fonts-2.5.4-universal/snippets/html/fi.json')
    at Pnt.F (vscode-file://vscode-app/usr/lib/code/out/vs/workbench/workbench.desktop.main.js:3088:69694)
    at Pnt.D (vscode-file://vscode-app/usr/lib/code/out/vs/workbench/workbench.desktop.main.js:3088:69519)
    at async Pnt.C (vscode-file://vscode-app/usr/lib/code/out/vs/workbench/workbench.desktop.main.js:3088:68887)
    at async Wrt.readExtensionResource (vscode-file://vscode-app/usr/lib/code/out/vs/workbench/workbench.desktop.main.js:3114:2109)
    at async Promise.all (index 67)
    at async LPe.getSnippets (vscode-file://vscode-app/usr/lib/code/out/vs/workbench/workbench.desktop.main.js:494:20141)
    at async SPe.provideCompletionItems (vscode-file://vscode-app/usr/lib/code/out/vs/workbench/workbench.desktop.main.js:494:14532)
    at async vscode-file://vscode-app/usr/lib/code/out/vs/workbench/workbench.desktop.main.js:433:31518 file:///home/HL/.vscode-oss/extensions/idleberg.icon-fonts-2.5.4-universal/snippets/html/fi.json
2024-11-14 17:18:46.498 [error] Error: 无法读取文件'/home/HL/.vscode-oss/extensions/idleberg.icon-fonts-2.5.4-universal/snippets/jsx/geomicon.json' (Error: 无法解析不存在的文件 '/home/HL/.vscode-oss/extensions/idleberg.icon-fonts-2.5.4-universal/snippets/jsx/geomicon.json')
    at Pnt.F (vscode-file://vscode-app/usr/lib/code/out/vs/workbench/workbench.desktop.main.js:3088:69694)
    at Pnt.D (vscode-file://vscode-app/usr/lib/code/out/vs/workbench/workbench.desktop.main.js:3088:69519)
    at async Pnt.C (vscode-file://vscode-app/usr/lib/code/out/vs/workbench/workbench.desktop.main.js:3088:68887)
    at async Wrt.readExtensionResource (vscode-file://vscode-app/usr/lib/code/out/vs/workbench/workbench.desktop.main.js:3114:2109)
    at async Promise.all (index 96)
    at async LPe.getSnippets (vscode-file://vscode-app/usr/lib/code/out/vs/workbench/workbench.desktop.main.js:494:20141)
    at async SPe.provideCompletionItems (vscode-file://vscode-app/usr/lib/code/out/vs/workbench/workbench.desktop.main.js:494:14532)
    at async vscode-file://vscode-app/usr/lib/code/out/vs/workbench/workbench.desktop.main.js:433:31518 file:///home/HL/.vscode-oss/extensions/idleberg.icon-fonts-2.5.4-universal/snippets/jsx/geomicon.json
2024-11-14 17:18:46.499 [error] Error: 无法读取文件'/home/HL/.vscode-oss/extensions/idleberg.icon-fonts-2.5.4-universal/snippets/jsx/fi.json' (Error: 无法解析不存在的文件 '/home/HL/.vscode-oss/extensions/idleberg.icon-fonts-2.5.4-universal/snippets/jsx/fi.json')
    at Pnt.F (vscode-file://vscode-app/usr/lib/code/out/vs/workbench/workbench.desktop.main.js:3088:69694)
    at Pnt.D (vscode-file://vscode-app/usr/lib/code/out/vs/workbench/workbench.desktop.main.js:3088:69519)
    at async Pnt.C (vscode-file://vscode-app/usr/lib/code/out/vs/workbench/workbench.desktop.main.js:3088:68887)
    at async Wrt.readExtensionResource (vscode-file://vscode-app/usr/lib/code/out/vs/workbench/workbench.desktop.main.js:3114:2109)
    at async Promise.all (index 94)
    at async LPe.getSnippets (vscode-file://vscode-app/usr/lib/code/out/vs/workbench/workbench.desktop.main.js:494:20141)
    at async SPe.provideCompletionItems (vscode-file://vscode-app/usr/lib/code/out/vs/workbench/workbench.desktop.main.js:494:14532)
    at async vscode-file://vscode-app/usr/lib/code/out/vs/workbench/workbench.desktop.main.js:433:31518 file:///home/HL/.vscode-oss/extensions/idleberg.icon-fonts-2.5.4-universal/snippets/jsx/fi.json
2024-11-14 17:18:47.828 [error] Error: 无法读取文件'/home/HL/.vscode-oss/extensions/idleberg.icon-fonts-2.5.4-universal/snippets/css/fi.json' (Error: 无法解析不存在的文件 '/home/HL/.vscode-oss/extensions/idleberg.icon-fonts-2.5.4-universal/snippets/css/fi.json')
    at Pnt.F (vscode-file://vscode-app/usr/lib/code/out/vs/workbench/workbench.desktop.main.js:3088:69694)
    at Pnt.D (vscode-file://vscode-app/usr/lib/code/out/vs/workbench/workbench.desktop.main.js:3088:69519)
    at async Pnt.C (vscode-file://vscode-app/usr/lib/code/out/vs/workbench/workbench.desktop.main.js:3088:68887)
    at async Wrt.readExtensionResource (vscode-file://vscode-app/usr/lib/code/out/vs/workbench/workbench.desktop.main.js:3114:2109)
    at async Promise.all (index 43)
    at async LPe.getSnippets (vscode-file://vscode-app/usr/lib/code/out/vs/workbench/workbench.desktop.main.js:494:20141)
    at async SPe.provideCompletionItems (vscode-file://vscode-app/usr/lib/code/out/vs/workbench/workbench.desktop.main.js:494:14532)
    at async vscode-file://vscode-app/usr/lib/code/out/vs/workbench/workbench.desktop.main.js:433:31518 file:///home/HL/.vscode-oss/extensions/idleberg.icon-fonts-2.5.4-universal/snippets/css/fi.json
2024-11-14 17:18:47.829 [error] Error: 无法读取文件'/home/HL/.vscode-oss/extensions/idleberg.icon-fonts-2.5.4-universal/snippets/html/fi.json' (Error: 无法解析不存在的文件 '/home/HL/.vscode-oss/extensions/idleberg.icon-fonts-2.5.4-universal/snippets/html/fi.json')
    at Pnt.F (vscode-file://vscode-app/usr/lib/code/out/vs/workbench/workbench.desktop.main.js:3088:69694)
    at Pnt.D (vscode-file://vscode-app/usr/lib/code/out/vs/workbench/workbench.desktop.main.js:3088:69519)
    at async Pnt.C (vscode-file://vscode-app/usr/lib/code/out/vs/workbench/workbench.desktop.main.js:3088:68887)
    at async Wrt.readExtensionResource (vscode-file://vscode-app/usr/lib/code/out/vs/workbench/workbench.desktop.main.js:3114:2109)
    at async Promise.all (index 67)
    at async LPe.getSnippets (vscode-file://vscode-app/usr/lib/code/out/vs/workbench/workbench.desktop.main.js:494:20141)
    at async SPe.provideCompletionItems (vscode-file://vscode-app/usr/lib/code/out/vs/workbench/workbench.desktop.main.js:494:14532)
    at async vscode-file://vscode-app/usr/lib/code/out/vs/workbench/workbench.desktop.main.js:433:31518 file:///home/HL/.vscode-oss/extensions/idleberg.icon-fonts-2.5.4-universal/snippets/html/fi.json
2024-11-14 17:18:47.829 [error] Error: 无法读取文件'/home/HL/.vscode-oss/extensions/idleberg.icon-fonts-2.5.4-universal/snippets/jsx/fi.json' (Error: 无法解析不存在的文件 '/home/HL/.vscode-oss/extensions/idleberg.icon-fonts-2.5.4-universal/snippets/jsx/fi.json')
    at Pnt.F (vscode-file://vscode-app/usr/lib/code/out/vs/workbench/workbench.desktop.main.js:3088:69694)
    at Pnt.D (vscode-file://vscode-app/usr/lib/code/out/vs/workbench/workbench.desktop.main.js:3088:69519)
    at async Pnt.C (vscode-file://vscode-app/usr/lib/code/out/vs/workbench/workbench.desktop.main.js:3088:68887)
    at async Wrt.readExtensionResource (vscode-file://vscode-app/usr/lib/code/out/vs/workbench/workbench.desktop.main.js:3114:2109)
    at async Promise.all (index 94)
    at async LPe.getSnippets (vscode-file://vscode-app/usr/lib/code/out/vs/workbench/workbench.desktop.main.js:494:20141)
    at async SPe.provideCompletionItems (vscode-file://vscode-app/usr/lib/code/out/vs/workbench/workbench.desktop.main.js:494:14532)
    at async vscode-file://vscode-app/usr/lib/code/out/vs/workbench/workbench.desktop.main.js:433:31518 file:///home/HL/.vscode-oss/extensions/idleberg.icon-fonts-2.5.4-universal/snippets/jsx/fi.json
2024-11-14 17:18:47.829 [error] Error: 无法读取文件'/home/HL/.vscode-oss/extensions/idleberg.icon-fonts-2.5.4-universal/snippets/jsx/geomicon.json' (Error: 无法解析不存在的文件 '/home/HL/.vscode-oss/extensions/idleberg.icon-fonts-2.5.4-universal/snippets/jsx/geomicon.json')
    at Pnt.F (vscode-file://vscode-app/usr/lib/code/out/vs/workbench/workbench.desktop.main.js:3088:69694)
    at Pnt.D (vscode-file://vscode-app/usr/lib/code/out/vs/workbench/workbench.desktop.main.js:3088:69519)
    at async Pnt.C (vscode-file://vscode-app/usr/lib/code/out/vs/workbench/workbench.desktop.main.js:3088:68887)
    at async Wrt.readExtensionResource (vscode-file://vscode-app/usr/lib/code/out/vs/workbench/workbench.desktop.main.js:3114:2109)
    at async Promise.all (index 96)
    at async LPe.getSnippets (vscode-file://vscode-app/usr/lib/code/out/vs/workbench/workbench.desktop.main.js:494:20141)
    at async SPe.provideCompletionItems (vscode-file://vscode-app/usr/lib/code/out/vs/workbench/workbench.desktop.main.js:494:14532)
    at async vscode-file://vscode-app/usr/lib/code/out/vs/workbench/workbench.desktop.main.js:433:31518 file:///home/HL/.vscode-oss/extensions/idleberg.icon-fonts-2.5.4-universal/snippets/jsx/geomicon.json
2024-11-14 17:18:48.147 [error] Error: 无法读取文件'/home/HL/.vscode-oss/extensions/idleberg.icon-fonts-2.5.4-universal/snippets/css/fi.json' (Error: 无法解析不存在的文件 '/home/HL/.vscode-oss/extensions/idleberg.icon-fonts-2.5.4-universal/snippets/css/fi.json')
    at Pnt.F (vscode-file://vscode-app/usr/lib/code/out/vs/workbench/workbench.desktop.main.js:3088:69694)
    at Pnt.D (vscode-file://vscode-app/usr/lib/code/out/vs/workbench/workbench.desktop.main.js:3088:69519)
    at async Pnt.C (vscode-file://vscode-app/usr/lib/code/out/vs/workbench/workbench.desktop.main.js:3088:68887)
    at async Wrt.readExtensionResource (vscode-file://vscode-app/usr/lib/code/out/vs/workbench/workbench.desktop.main.js:3114:2109)
    at async Promise.all (index 43)
    at async LPe.getSnippets (vscode-file://vscode-app/usr/lib/code/out/vs/workbench/workbench.desktop.main.js:494:20141)
    at async SPe.provideCompletionItems (vscode-file://vscode-app/usr/lib/code/out/vs/workbench/workbench.desktop.main.js:494:14532)
    at async vscode-file://vscode-app/usr/lib/code/out/vs/workbench/workbench.desktop.main.js:433:31518 file:///home/HL/.vscode-oss/extensions/idleberg.icon-fonts-2.5.4-universal/snippets/css/fi.json
2024-11-14 17:18:48.147 [error] Error: 无法读取文件'/home/HL/.vscode-oss/extensions/idleberg.icon-fonts-2.5.4-universal/snippets/html/fi.json' (Error: 无法解析不存在的文件 '/home/HL/.vscode-oss/extensions/idleberg.icon-fonts-2.5.4-universal/snippets/html/fi.json')
    at Pnt.F (vscode-file://vscode-app/usr/lib/code/out/vs/workbench/workbench.desktop.main.js:3088:69694)
    at Pnt.D (vscode-file://vscode-app/usr/lib/code/out/vs/workbench/workbench.desktop.main.js:3088:69519)
    at async Pnt.C (vscode-file://vscode-app/usr/lib/code/out/vs/workbench/workbench.desktop.main.js:3088:68887)
    at async Wrt.readExtensionResource (vscode-file://vscode-app/usr/lib/code/out/vs/workbench/workbench.desktop.main.js:3114:2109)
    at async Promise.all (index 67)
    at async LPe.getSnippets (vscode-file://vscode-app/usr/lib/code/out/vs/workbench/workbench.desktop.main.js:494:20141)
    at async SPe.provideCompletionItems (vscode-file://vscode-app/usr/lib/code/out/vs/workbench/workbench.desktop.main.js:494:14532)
    at async vscode-file://vscode-app/usr/lib/code/out/vs/workbench/workbench.desktop.main.js:433:31518 file:///home/HL/.vscode-oss/extensions/idleberg.icon-fonts-2.5.4-universal/snippets/html/fi.json
2024-11-14 17:18:48.148 [error] Error: 无法读取文件'/home/HL/.vscode-oss/extensions/idleberg.icon-fonts-2.5.4-universal/snippets/jsx/fi.json' (Error: 无法解析不存在的文件 '/home/HL/.vscode-oss/extensions/idleberg.icon-fonts-2.5.4-universal/snippets/jsx/fi.json')
    at Pnt.F (vscode-file://vscode-app/usr/lib/code/out/vs/workbench/workbench.desktop.main.js:3088:69694)
    at Pnt.D (vscode-file://vscode-app/usr/lib/code/out/vs/workbench/workbench.desktop.main.js:3088:69519)
    at async Pnt.C (vscode-file://vscode-app/usr/lib/code/out/vs/workbench/workbench.desktop.main.js:3088:68887)
    at async Wrt.readExtensionResource (vscode-file://vscode-app/usr/lib/code/out/vs/workbench/workbench.desktop.main.js:3114:2109)
    at async Promise.all (index 94)
    at async LPe.getSnippets (vscode-file://vscode-app/usr/lib/code/out/vs/workbench/workbench.desktop.main.js:494:20141)
    at async SPe.provideCompletionItems (vscode-file://vscode-app/usr/lib/code/out/vs/workbench/workbench.desktop.main.js:494:14532)
    at async vscode-file://vscode-app/usr/lib/code/out/vs/workbench/workbench.desktop.main.js:433:31518 file:///home/HL/.vscode-oss/extensions/idleberg.icon-fonts-2.5.4-universal/snippets/jsx/fi.json
2024-11-14 17:18:48.148 [error] Error: 无法读取文件'/home/HL/.vscode-oss/extensions/idleberg.icon-fonts-2.5.4-universal/snippets/jsx/geomicon.json' (Error: 无法解析不存在的文件 '/home/HL/.vscode-oss/extensions/idleberg.icon-fonts-2.5.4-universal/snippets/jsx/geomicon.json')
    at Pnt.F (vscode-file://vscode-app/usr/lib/code/out/vs/workbench/workbench.desktop.main.js:3088:69694)
    at Pnt.D (vscode-file://vscode-app/usr/lib/code/out/vs/workbench/workbench.desktop.main.js:3088:69519)
    at async Pnt.C (vscode-file://vscode-app/usr/lib/code/out/vs/workbench/workbench.desktop.main.js:3088:68887)
    at async Wrt.readExtensionResource (vscode-file://vscode-app/usr/lib/code/out/vs/workbench/workbench.desktop.main.js:3114:2109)
    at async Promise.all (index 96)
    at async LPe.getSnippets (vscode-file://vscode-app/usr/lib/code/out/vs/workbench/workbench.desktop.main.js:494:20141)
    at async SPe.provideCompletionItems (vscode-file://vscode-app/usr/lib/code/out/vs/workbench/workbench.desktop.main.js:494:14532)
    at async vscode-file://vscode-app/usr/lib/code/out/vs/workbench/workbench.desktop.main.js:433:31518 file:///home/HL/.vscode-oss/extensions/idleberg.icon-fonts-2.5.4-universal/snippets/jsx/geomicon.json
2024-11-14 17:18:48.192 [error] Error: 无法读取文件'/home/HL/.vscode-oss/extensions/idleberg.icon-fonts-2.5.4-universal/snippets/css/fi.json' (Error: 无法解析不存在的文件 '/home/HL/.vscode-oss/extensions/idleberg.icon-fonts-2.5.4-universal/snippets/css/fi.json')
    at Pnt.F (vscode-file://vscode-app/usr/lib/code/out/vs/workbench/workbench.desktop.main.js:3088:69694)
    at Pnt.D (vscode-file://vscode-app/usr/lib/code/out/vs/workbench/workbench.desktop.main.js:3088:69519)
    at async Pnt.C (vscode-file://vscode-app/usr/lib/code/out/vs/workbench/workbench.desktop.main.js:3088:68887)
    at async Wrt.readExtensionResource (vscode-file://vscode-app/usr/lib/code/out/vs/workbench/workbench.desktop.main.js:3114:2109)
    at async Promise.all (index 43)
    at async LPe.getSnippets (vscode-file://vscode-app/usr/lib/code/out/vs/workbench/workbench.desktop.main.js:494:20141)
    at async SPe.provideCompletionItems (vscode-file://vscode-app/usr/lib/code/out/vs/workbench/workbench.desktop.main.js:494:14532)
    at async vscode-file://vscode-app/usr/lib/code/out/vs/workbench/workbench.desktop.main.js:433:31518 file:///home/HL/.vscode-oss/extensions/idleberg.icon-fonts-2.5.4-universal/snippets/css/fi.json
2024-11-14 17:18:48.193 [error] Error: 无法读取文件'/home/HL/.vscode-oss/extensions/idleberg.icon-fonts-2.5.4-universal/snippets/html/fi.json' (Error: 无法解析不存在的文件 '/home/HL/.vscode-oss/extensions/idleberg.icon-fonts-2.5.4-universal/snippets/html/fi.json')
    at Pnt.F (vscode-file://vscode-app/usr/lib/code/out/vs/workbench/workbench.desktop.main.js:3088:69694)
    at Pnt.D (vscode-file://vscode-app/usr/lib/code/out/vs/workbench/workbench.desktop.main.js:3088:69519)
    at async Pnt.C (vscode-file://vscode-app/usr/lib/code/out/vs/workbench/workbench.desktop.main.js:3088:68887)
    at async Wrt.readExtensionResource (vscode-file://vscode-app/usr/lib/code/out/vs/workbench/workbench.desktop.main.js:3114:2109)
    at async Promise.all (index 67)
    at async LPe.getSnippets (vscode-file://vscode-app/usr/lib/code/out/vs/workbench/workbench.desktop.main.js:494:20141)
    at async SPe.provideCompletionItems (vscode-file://vscode-app/usr/lib/code/out/vs/workbench/workbench.desktop.main.js:494:14532)
    at async vscode-file://vscode-app/usr/lib/code/out/vs/workbench/workbench.desktop.main.js:433:31518 file:///home/HL/.vscode-oss/extensions/idleberg.icon-fonts-2.5.4-universal/snippets/html/fi.json
2024-11-14 17:18:48.193 [error] Error: 无法读取文件'/home/HL/.vscode-oss/extensions/idleberg.icon-fonts-2.5.4-universal/snippets/jsx/fi.json' (Error: 无法解析不存在的文件 '/home/HL/.vscode-oss/extensions/idleberg.icon-fonts-2.5.4-universal/snippets/jsx/fi.json')
    at Pnt.F (vscode-file://vscode-app/usr/lib/code/out/vs/workbench/workbench.desktop.main.js:3088:69694)
    at Pnt.D (vscode-file://vscode-app/usr/lib/code/out/vs/workbench/workbench.desktop.main.js:3088:69519)
    at async Pnt.C (vscode-file://vscode-app/usr/lib/code/out/vs/workbench/workbench.desktop.main.js:3088:68887)
    at async Wrt.readExtensionResource (vscode-file://vscode-app/usr/lib/code/out/vs/workbench/workbench.desktop.main.js:3114:2109)
    at async Promise.all (index 94)
    at async LPe.getSnippets (vscode-file://vscode-app/usr/lib/code/out/vs/workbench/workbench.desktop.main.js:494:20141)
    at async SPe.provideCompletionItems (vscode-file://vscode-app/usr/lib/code/out/vs/workbench/workbench.desktop.main.js:494:14532)
    at async vscode-file://vscode-app/usr/lib/code/out/vs/workbench/workbench.desktop.main.js:433:31518 file:///home/HL/.vscode-oss/extensions/idleberg.icon-fonts-2.5.4-universal/snippets/jsx/fi.json
2024-11-14 17:18:48.193 [error] Error: 无法读取文件'/home/HL/.vscode-oss/extensions/idleberg.icon-fonts-2.5.4-universal/snippets/jsx/geomicon.json' (Error: 无法解析不存在的文件 '/home/HL/.vscode-oss/extensions/idleberg.icon-fonts-2.5.4-universal/snippets/jsx/geomicon.json')
    at Pnt.F (vscode-file://vscode-app/usr/lib/code/out/vs/workbench/workbench.desktop.main.js:3088:69694)
    at Pnt.D (vscode-file://vscode-app/usr/lib/code/out/vs/workbench/workbench.desktop.main.js:3088:69519)
    at async Pnt.C (vscode-file://vscode-app/usr/lib/code/out/vs/workbench/workbench.desktop.main.js:3088:68887)
    at async Wrt.readExtensionResource (vscode-file://vscode-app/usr/lib/code/out/vs/workbench/workbench.desktop.main.js:3114:2109)
    at async Promise.all (index 96)
    at async LPe.getSnippets (vscode-file://vscode-app/usr/lib/code/out/vs/workbench/workbench.desktop.main.js:494:20141)
    at async SPe.provideCompletionItems (vscode-file://vscode-app/usr/lib/code/out/vs/workbench/workbench.desktop.main.js:494:14532)
    at async vscode-file://vscode-app/usr/lib/code/out/vs/workbench/workbench.desktop.main.js:433:31518 file:///home/HL/.vscode-oss/extensions/idleberg.icon-fonts-2.5.4-universal/snippets/jsx/geomicon.json
2024-11-14 17:22:00.702 [error] Error: 无法读取文件'/home/HL/.vscode-oss/extensions/idleberg.icon-fonts-2.5.4-universal/snippets/css/fi.json' (Error: 无法解析不存在的文件 '/home/HL/.vscode-oss/extensions/idleberg.icon-fonts-2.5.4-universal/snippets/css/fi.json')
    at Pnt.F (vscode-file://vscode-app/usr/lib/code/out/vs/workbench/workbench.desktop.main.js:3088:69694)
    at Pnt.D (vscode-file://vscode-app/usr/lib/code/out/vs/workbench/workbench.desktop.main.js:3088:69519)
    at async Pnt.C (vscode-file://vscode-app/usr/lib/code/out/vs/workbench/workbench.desktop.main.js:3088:68887)
    at async Wrt.readExtensionResource (vscode-file://vscode-app/usr/lib/code/out/vs/workbench/workbench.desktop.main.js:3114:2109)
    at async Promise.all (index 43)
    at async LPe.getSnippets (vscode-file://vscode-app/usr/lib/code/out/vs/workbench/workbench.desktop.main.js:494:20141)
    at async SPe.provideCompletionItems (vscode-file://vscode-app/usr/lib/code/out/vs/workbench/workbench.desktop.main.js:494:14532)
    at async vscode-file://vscode-app/usr/lib/code/out/vs/workbench/workbench.desktop.main.js:433:31518 file:///home/HL/.vscode-oss/extensions/idleberg.icon-fonts-2.5.4-universal/snippets/css/fi.json
2024-11-14 17:22:00.702 [error] Error: 无法读取文件'/home/HL/.vscode-oss/extensions/idleberg.icon-fonts-2.5.4-universal/snippets/html/fi.json' (Error: 无法解析不存在的文件 '/home/HL/.vscode-oss/extensions/idleberg.icon-fonts-2.5.4-universal/snippets/html/fi.json')
    at Pnt.F (vscode-file://vscode-app/usr/lib/code/out/vs/workbench/workbench.desktop.main.js:3088:69694)
    at Pnt.D (vscode-file://vscode-app/usr/lib/code/out/vs/workbench/workbench.desktop.main.js:3088:69519)
    at async Pnt.C (vscode-file://vscode-app/usr/lib/code/out/vs/workbench/workbench.desktop.main.js:3088:68887)
    at async Wrt.readExtensionResource (vscode-file://vscode-app/usr/lib/code/out/vs/workbench/workbench.desktop.main.js:3114:2109)
    at async Promise.all (index 67)
    at async LPe.getSnippets (vscode-file://vscode-app/usr/lib/code/out/vs/workbench/workbench.desktop.main.js:494:20141)
    at async SPe.provideCompletionItems (vscode-file://vscode-app/usr/lib/code/out/vs/workbench/workbench.desktop.main.js:494:14532)
    at async vscode-file://vscode-app/usr/lib/code/out/vs/workbench/workbench.desktop.main.js:433:31518 file:///home/HL/.vscode-oss/extensions/idleberg.icon-fonts-2.5.4-universal/snippets/html/fi.json
2024-11-14 17:22:00.703 [error] Error: 无法读取文件'/home/HL/.vscode-oss/extensions/idleberg.icon-fonts-2.5.4-universal/snippets/jsx/fi.json' (Error: 无法解析不存在的文件 '/home/HL/.vscode-oss/extensions/idleberg.icon-fonts-2.5.4-universal/snippets/jsx/fi.json')
    at Pnt.F (vscode-file://vscode-app/usr/lib/code/out/vs/workbench/workbench.desktop.main.js:3088:69694)
    at Pnt.D (vscode-file://vscode-app/usr/lib/code/out/vs/workbench/workbench.desktop.main.js:3088:69519)
    at async Pnt.C (vscode-file://vscode-app/usr/lib/code/out/vs/workbench/workbench.desktop.main.js:3088:68887)
    at async Wrt.readExtensionResource (vscode-file://vscode-app/usr/lib/code/out/vs/workbench/workbench.desktop.main.js:3114:2109)
    at async Promise.all (index 94)
    at async LPe.getSnippets (vscode-file://vscode-app/usr/lib/code/out/vs/workbench/workbench.desktop.main.js:494:20141)
    at async SPe.provideCompletionItems (vscode-file://vscode-app/usr/lib/code/out/vs/workbench/workbench.desktop.main.js:494:14532)
    at async vscode-file://vscode-app/usr/lib/code/out/vs/workbench/workbench.desktop.main.js:433:31518 file:///home/HL/.vscode-oss/extensions/idleberg.icon-fonts-2.5.4-universal/snippets/jsx/fi.json
2024-11-14 17:22:00.703 [error] Error: 无法读取文件'/home/HL/.vscode-oss/extensions/idleberg.icon-fonts-2.5.4-universal/snippets/jsx/geomicon.json' (Error: 无法解析不存在的文件 '/home/HL/.vscode-oss/extensions/idleberg.icon-fonts-2.5.4-universal/snippets/jsx/geomicon.json')
    at Pnt.F (vscode-file://vscode-app/usr/lib/code/out/vs/workbench/workbench.desktop.main.js:3088:69694)
    at Pnt.D (vscode-file://vscode-app/usr/lib/code/out/vs/workbench/workbench.desktop.main.js:3088:69519)
    at async Pnt.C (vscode-file://vscode-app/usr/lib/code/out/vs/workbench/workbench.desktop.main.js:3088:68887)
    at async Wrt.readExtensionResource (vscode-file://vscode-app/usr/lib/code/out/vs/workbench/workbench.desktop.main.js:3114:2109)
    at async Promise.all (index 96)
    at async LPe.getSnippets (vscode-file://vscode-app/usr/lib/code/out/vs/workbench/workbench.desktop.main.js:494:20141)
    at async SPe.provideCompletionItems (vscode-file://vscode-app/usr/lib/code/out/vs/workbench/workbench.desktop.main.js:494:14532)
    at async vscode-file://vscode-app/usr/lib/code/out/vs/workbench/workbench.desktop.main.js:433:31518 file:///home/HL/.vscode-oss/extensions/idleberg.icon-fonts-2.5.4-universal/snippets/jsx/geomicon.json
2024-11-14 17:22:03.349 [error] Error: 无法读取文件'/home/HL/.vscode-oss/extensions/idleberg.icon-fonts-2.5.4-universal/snippets/css/fi.json' (Error: 无法解析不存在的文件 '/home/HL/.vscode-oss/extensions/idleberg.icon-fonts-2.5.4-universal/snippets/css/fi.json')
    at Pnt.F (vscode-file://vscode-app/usr/lib/code/out/vs/workbench/workbench.desktop.main.js:3088:69694)
    at Pnt.D (vscode-file://vscode-app/usr/lib/code/out/vs/workbench/workbench.desktop.main.js:3088:69519)
    at async Pnt.C (vscode-file://vscode-app/usr/lib/code/out/vs/workbench/workbench.desktop.main.js:3088:68887)
    at async Wrt.readExtensionResource (vscode-file://vscode-app/usr/lib/code/out/vs/workbench/workbench.desktop.main.js:3114:2109)
    at async Promise.all (index 43)
    at async LPe.getSnippets (vscode-file://vscode-app/usr/lib/code/out/vs/workbench/workbench.desktop.main.js:494:20141)
    at async SPe.provideCompletionItems (vscode-file://vscode-app/usr/lib/code/out/vs/workbench/workbench.desktop.main.js:494:14532)
    at async vscode-file://vscode-app/usr/lib/code/out/vs/workbench/workbench.desktop.main.js:433:31518 file:///home/HL/.vscode-oss/extensions/idleberg.icon-fonts-2.5.4-universal/snippets/css/fi.json
2024-11-14 17:22:03.349 [error] Error: 无法读取文件'/home/HL/.vscode-oss/extensions/idleberg.icon-fonts-2.5.4-universal/snippets/html/fi.json' (Error: 无法解析不存在的文件 '/home/HL/.vscode-oss/extensions/idleberg.icon-fonts-2.5.4-universal/snippets/html/fi.json')
    at Pnt.F (vscode-file://vscode-app/usr/lib/code/out/vs/workbench/workbench.desktop.main.js:3088:69694)
    at Pnt.D (vscode-file://vscode-app/usr/lib/code/out/vs/workbench/workbench.desktop.main.js:3088:69519)
    at async Pnt.C (vscode-file://vscode-app/usr/lib/code/out/vs/workbench/workbench.desktop.main.js:3088:68887)
    at async Wrt.readExtensionResource (vscode-file://vscode-app/usr/lib/code/out/vs/workbench/workbench.desktop.main.js:3114:2109)
    at async Promise.all (index 67)
    at async LPe.getSnippets (vscode-file://vscode-app/usr/lib/code/out/vs/workbench/workbench.desktop.main.js:494:20141)
    at async SPe.provideCompletionItems (vscode-file://vscode-app/usr/lib/code/out/vs/workbench/workbench.desktop.main.js:494:14532)
    at async vscode-file://vscode-app/usr/lib/code/out/vs/workbench/workbench.desktop.main.js:433:31518 file:///home/HL/.vscode-oss/extensions/idleberg.icon-fonts-2.5.4-universal/snippets/html/fi.json
2024-11-14 17:22:03.350 [error] Error: 无法读取文件'/home/HL/.vscode-oss/extensions/idleberg.icon-fonts-2.5.4-universal/snippets/jsx/fi.json' (Error: 无法解析不存在的文件 '/home/HL/.vscode-oss/extensions/idleberg.icon-fonts-2.5.4-universal/snippets/jsx/fi.json')
    at Pnt.F (vscode-file://vscode-app/usr/lib/code/out/vs/workbench/workbench.desktop.main.js:3088:69694)
    at Pnt.D (vscode-file://vscode-app/usr/lib/code/out/vs/workbench/workbench.desktop.main.js:3088:69519)
    at async Pnt.C (vscode-file://vscode-app/usr/lib/code/out/vs/workbench/workbench.desktop.main.js:3088:68887)
    at async Wrt.readExtensionResource (vscode-file://vscode-app/usr/lib/code/out/vs/workbench/workbench.desktop.main.js:3114:2109)
    at async Promise.all (index 94)
    at async LPe.getSnippets (vscode-file://vscode-app/usr/lib/code/out/vs/workbench/workbench.desktop.main.js:494:20141)
    at async SPe.provideCompletionItems (vscode-file://vscode-app/usr/lib/code/out/vs/workbench/workbench.desktop.main.js:494:14532)
    at async vscode-file://vscode-app/usr/lib/code/out/vs/workbench/workbench.desktop.main.js:433:31518 file:///home/HL/.vscode-oss/extensions/idleberg.icon-fonts-2.5.4-universal/snippets/jsx/fi.json
2024-11-14 17:22:03.350 [error] Error: 无法读取文件'/home/HL/.vscode-oss/extensions/idleberg.icon-fonts-2.5.4-universal/snippets/jsx/geomicon.json' (Error: 无法解析不存在的文件 '/home/HL/.vscode-oss/extensions/idleberg.icon-fonts-2.5.4-universal/snippets/jsx/geomicon.json')
    at Pnt.F (vscode-file://vscode-app/usr/lib/code/out/vs/workbench/workbench.desktop.main.js:3088:69694)
    at Pnt.D (vscode-file://vscode-app/usr/lib/code/out/vs/workbench/workbench.desktop.main.js:3088:69519)
    at async Pnt.C (vscode-file://vscode-app/usr/lib/code/out/vs/workbench/workbench.desktop.main.js:3088:68887)
    at async Wrt.readExtensionResource (vscode-file://vscode-app/usr/lib/code/out/vs/workbench/workbench.desktop.main.js:3114:2109)
    at async Promise.all (index 96)
    at async LPe.getSnippets (vscode-file://vscode-app/usr/lib/code/out/vs/workbench/workbench.desktop.main.js:494:20141)
    at async SPe.provideCompletionItems (vscode-file://vscode-app/usr/lib/code/out/vs/workbench/workbench.desktop.main.js:494:14532)
    at async vscode-file://vscode-app/usr/lib/code/out/vs/workbench/workbench.desktop.main.js:433:31518 file:///home/HL/.vscode-oss/extensions/idleberg.icon-fonts-2.5.4-universal/snippets/jsx/geomicon.json
2024-11-14 17:22:28.598 [error] Error: 无法读取文件'/home/HL/.vscode-oss/extensions/idleberg.icon-fonts-2.5.4-universal/snippets/css/fi.json' (Error: 无法解析不存在的文件 '/home/HL/.vscode-oss/extensions/idleberg.icon-fonts-2.5.4-universal/snippets/css/fi.json')
    at Pnt.F (vscode-file://vscode-app/usr/lib/code/out/vs/workbench/workbench.desktop.main.js:3088:69694)
    at Pnt.D (vscode-file://vscode-app/usr/lib/code/out/vs/workbench/workbench.desktop.main.js:3088:69519)
    at async Pnt.C (vscode-file://vscode-app/usr/lib/code/out/vs/workbench/workbench.desktop.main.js:3088:68887)
    at async Wrt.readExtensionResource (vscode-file://vscode-app/usr/lib/code/out/vs/workbench/workbench.desktop.main.js:3114:2109)
    at async Promise.all (index 43)
    at async LPe.getSnippets (vscode-file://vscode-app/usr/lib/code/out/vs/workbench/workbench.desktop.main.js:494:20141)
    at async SPe.provideCompletionItems (vscode-file://vscode-app/usr/lib/code/out/vs/workbench/workbench.desktop.main.js:494:14532)
    at async vscode-file://vscode-app/usr/lib/code/out/vs/workbench/workbench.desktop.main.js:433:31518 file:///home/HL/.vscode-oss/extensions/idleberg.icon-fonts-2.5.4-universal/snippets/css/fi.json
2024-11-14 17:22:28.598 [error] Error: 无法读取文件'/home/HL/.vscode-oss/extensions/idleberg.icon-fonts-2.5.4-universal/snippets/html/fi.json' (Error: 无法解析不存在的文件 '/home/HL/.vscode-oss/extensions/idleberg.icon-fonts-2.5.4-universal/snippets/html/fi.json')
    at Pnt.F (vscode-file://vscode-app/usr/lib/code/out/vs/workbench/workbench.desktop.main.js:3088:69694)
    at Pnt.D (vscode-file://vscode-app/usr/lib/code/out/vs/workbench/workbench.desktop.main.js:3088:69519)
    at async Pnt.C (vscode-file://vscode-app/usr/lib/code/out/vs/workbench/workbench.desktop.main.js:3088:68887)
    at async Wrt.readExtensionResource (vscode-file://vscode-app/usr/lib/code/out/vs/workbench/workbench.desktop.main.js:3114:2109)
    at async Promise.all (index 67)
    at async LPe.getSnippets (vscode-file://vscode-app/usr/lib/code/out/vs/workbench/workbench.desktop.main.js:494:20141)
    at async SPe.provideCompletionItems (vscode-file://vscode-app/usr/lib/code/out/vs/workbench/workbench.desktop.main.js:494:14532)
    at async vscode-file://vscode-app/usr/lib/code/out/vs/workbench/workbench.desktop.main.js:433:31518 file:///home/HL/.vscode-oss/extensions/idleberg.icon-fonts-2.5.4-universal/snippets/html/fi.json
2024-11-14 17:22:28.598 [error] Error: 无法读取文件'/home/HL/.vscode-oss/extensions/idleberg.icon-fonts-2.5.4-universal/snippets/jsx/fi.json' (Error: 无法解析不存在的文件 '/home/HL/.vscode-oss/extensions/idleberg.icon-fonts-2.5.4-universal/snippets/jsx/fi.json')
    at Pnt.F (vscode-file://vscode-app/usr/lib/code/out/vs/workbench/workbench.desktop.main.js:3088:69694)
    at Pnt.D (vscode-file://vscode-app/usr/lib/code/out/vs/workbench/workbench.desktop.main.js:3088:69519)
    at async Pnt.C (vscode-file://vscode-app/usr/lib/code/out/vs/workbench/workbench.desktop.main.js:3088:68887)
    at async Wrt.readExtensionResource (vscode-file://vscode-app/usr/lib/code/out/vs/workbench/workbench.desktop.main.js:3114:2109)
    at async Promise.all (index 94)
    at async LPe.getSnippets (vscode-file://vscode-app/usr/lib/code/out/vs/workbench/workbench.desktop.main.js:494:20141)
    at async SPe.provideCompletionItems (vscode-file://vscode-app/usr/lib/code/out/vs/workbench/workbench.desktop.main.js:494:14532)
    at async vscode-file://vscode-app/usr/lib/code/out/vs/workbench/workbench.desktop.main.js:433:31518 file:///home/HL/.vscode-oss/extensions/idleberg.icon-fonts-2.5.4-universal/snippets/jsx/fi.json
2024-11-14 17:22:28.599 [error] Error: 无法读取文件'/home/HL/.vscode-oss/extensions/idleberg.icon-fonts-2.5.4-universal/snippets/jsx/geomicon.json' (Error: 无法解析不存在的文件 '/home/HL/.vscode-oss/extensions/idleberg.icon-fonts-2.5.4-universal/snippets/jsx/geomicon.json')
    at Pnt.F (vscode-file://vscode-app/usr/lib/code/out/vs/workbench/workbench.desktop.main.js:3088:69694)
    at Pnt.D (vscode-file://vscode-app/usr/lib/code/out/vs/workbench/workbench.desktop.main.js:3088:69519)
    at async Pnt.C (vscode-file://vscode-app/usr/lib/code/out/vs/workbench/workbench.desktop.main.js:3088:68887)
    at async Wrt.readExtensionResource (vscode-file://vscode-app/usr/lib/code/out/vs/workbench/workbench.desktop.main.js:3114:2109)
    at async Promise.all (index 96)
    at async LPe.getSnippets (vscode-file://vscode-app/usr/lib/code/out/vs/workbench/workbench.desktop.main.js:494:20141)
    at async SPe.provideCompletionItems (vscode-file://vscode-app/usr/lib/code/out/vs/workbench/workbench.desktop.main.js:494:14532)
    at async vscode-file://vscode-app/usr/lib/code/out/vs/workbench/workbench.desktop.main.js:433:31518 file:///home/HL/.vscode-oss/extensions/idleberg.icon-fonts-2.5.4-universal/snippets/jsx/geomicon.json
2024-11-14 17:22:33.835 [error] Error: 无法读取文件'/home/HL/.vscode-oss/extensions/idleberg.icon-fonts-2.5.4-universal/snippets/css/fi.json' (Error: 无法解析不存在的文件 '/home/HL/.vscode-oss/extensions/idleberg.icon-fonts-2.5.4-universal/snippets/css/fi.json')
    at Pnt.F (vscode-file://vscode-app/usr/lib/code/out/vs/workbench/workbench.desktop.main.js:3088:69694)
    at Pnt.D (vscode-file://vscode-app/usr/lib/code/out/vs/workbench/workbench.desktop.main.js:3088:69519)
    at async Pnt.C (vscode-file://vscode-app/usr/lib/code/out/vs/workbench/workbench.desktop.main.js:3088:68887)
    at async Wrt.readExtensionResource (vscode-file://vscode-app/usr/lib/code/out/vs/workbench/workbench.desktop.main.js:3114:2109)
    at async Promise.all (index 43)
    at async LPe.getSnippets (vscode-file://vscode-app/usr/lib/code/out/vs/workbench/workbench.desktop.main.js:494:20141)
    at async SPe.provideCompletionItems (vscode-file://vscode-app/usr/lib/code/out/vs/workbench/workbench.desktop.main.js:494:14532)
    at async vscode-file://vscode-app/usr/lib/code/out/vs/workbench/workbench.desktop.main.js:433:31518 file:///home/HL/.vscode-oss/extensions/idleberg.icon-fonts-2.5.4-universal/snippets/css/fi.json
2024-11-14 17:22:33.835 [error] Error: 无法读取文件'/home/HL/.vscode-oss/extensions/idleberg.icon-fonts-2.5.4-universal/snippets/html/fi.json' (Error: 无法解析不存在的文件 '/home/HL/.vscode-oss/extensions/idleberg.icon-fonts-2.5.4-universal/snippets/html/fi.json')
    at Pnt.F (vscode-file://vscode-app/usr/lib/code/out/vs/workbench/workbench.desktop.main.js:3088:69694)
    at Pnt.D (vscode-file://vscode-app/usr/lib/code/out/vs/workbench/workbench.desktop.main.js:3088:69519)
    at async Pnt.C (vscode-file://vscode-app/usr/lib/code/out/vs/workbench/workbench.desktop.main.js:3088:68887)
    at async Wrt.readExtensionResource (vscode-file://vscode-app/usr/lib/code/out/vs/workbench/workbench.desktop.main.js:3114:2109)
    at async Promise.all (index 67)
    at async LPe.getSnippets (vscode-file://vscode-app/usr/lib/code/out/vs/workbench/workbench.desktop.main.js:494:20141)
    at async SPe.provideCompletionItems (vscode-file://vscode-app/usr/lib/code/out/vs/workbench/workbench.desktop.main.js:494:14532)
    at async vscode-file://vscode-app/usr/lib/code/out/vs/workbench/workbench.desktop.main.js:433:31518 file:///home/HL/.vscode-oss/extensions/idleberg.icon-fonts-2.5.4-universal/snippets/html/fi.json
2024-11-14 17:22:33.836 [error] Error: 无法读取文件'/home/HL/.vscode-oss/extensions/idleberg.icon-fonts-2.5.4-universal/snippets/jsx/fi.json' (Error: 无法解析不存在的文件 '/home/HL/.vscode-oss/extensions/idleberg.icon-fonts-2.5.4-universal/snippets/jsx/fi.json')
    at Pnt.F (vscode-file://vscode-app/usr/lib/code/out/vs/workbench/workbench.desktop.main.js:3088:69694)
    at Pnt.D (vscode-file://vscode-app/usr/lib/code/out/vs/workbench/workbench.desktop.main.js:3088:69519)
    at async Pnt.C (vscode-file://vscode-app/usr/lib/code/out/vs/workbench/workbench.desktop.main.js:3088:68887)
    at async Wrt.readExtensionResource (vscode-file://vscode-app/usr/lib/code/out/vs/workbench/workbench.desktop.main.js:3114:2109)
    at async Promise.all (index 94)
    at async LPe.getSnippets (vscode-file://vscode-app/usr/lib/code/out/vs/workbench/workbench.desktop.main.js:494:20141)
    at async SPe.provideCompletionItems (vscode-file://vscode-app/usr/lib/code/out/vs/workbench/workbench.desktop.main.js:494:14532)
    at async vscode-file://vscode-app/usr/lib/code/out/vs/workbench/workbench.desktop.main.js:433:31518 file:///home/HL/.vscode-oss/extensions/idleberg.icon-fonts-2.5.4-universal/snippets/jsx/fi.json
2024-11-14 17:22:33.836 [error] Error: 无法读取文件'/home/HL/.vscode-oss/extensions/idleberg.icon-fonts-2.5.4-universal/snippets/jsx/geomicon.json' (Error: 无法解析不存在的文件 '/home/HL/.vscode-oss/extensions/idleberg.icon-fonts-2.5.4-universal/snippets/jsx/geomicon.json')
    at Pnt.F (vscode-file://vscode-app/usr/lib/code/out/vs/workbench/workbench.desktop.main.js:3088:69694)
    at Pnt.D (vscode-file://vscode-app/usr/lib/code/out/vs/workbench/workbench.desktop.main.js:3088:69519)
    at async Pnt.C (vscode-file://vscode-app/usr/lib/code/out/vs/workbench/workbench.desktop.main.js:3088:68887)
    at async Wrt.readExtensionResource (vscode-file://vscode-app/usr/lib/code/out/vs/workbench/workbench.desktop.main.js:3114:2109)
    at async Promise.all (index 96)
    at async LPe.getSnippets (vscode-file://vscode-app/usr/lib/code/out/vs/workbench/workbench.desktop.main.js:494:20141)
    at async SPe.provideCompletionItems (vscode-file://vscode-app/usr/lib/code/out/vs/workbench/workbench.desktop.main.js:494:14532)
    at async vscode-file://vscode-app/usr/lib/code/out/vs/workbench/workbench.desktop.main.js:433:31518 file:///home/HL/.vscode-oss/extensions/idleberg.icon-fonts-2.5.4-universal/snippets/jsx/geomicon.json
2024-11-14 17:26:36.737 [error] Error: 无法读取文件'/home/HL/.vscode-oss/extensions/idleberg.icon-fonts-2.5.4-universal/snippets/css/fi.json' (Error: 无法解析不存在的文件 '/home/HL/.vscode-oss/extensions/idleberg.icon-fonts-2.5.4-universal/snippets/css/fi.json')
    at Pnt.F (vscode-file://vscode-app/usr/lib/code/out/vs/workbench/workbench.desktop.main.js:3088:69694)
    at Pnt.D (vscode-file://vscode-app/usr/lib/code/out/vs/workbench/workbench.desktop.main.js:3088:69519)
    at async Pnt.C (vscode-file://vscode-app/usr/lib/code/out/vs/workbench/workbench.desktop.main.js:3088:68887)
    at async Wrt.readExtensionResource (vscode-file://vscode-app/usr/lib/code/out/vs/workbench/workbench.desktop.main.js:3114:2109)
    at async Promise.all (index 43)
    at async LPe.getSnippets (vscode-file://vscode-app/usr/lib/code/out/vs/workbench/workbench.desktop.main.js:494:20141)
    at async SPe.provideCompletionItems (vscode-file://vscode-app/usr/lib/code/out/vs/workbench/workbench.desktop.main.js:494:14532)
    at async vscode-file://vscode-app/usr/lib/code/out/vs/workbench/workbench.desktop.main.js:433:31518 file:///home/HL/.vscode-oss/extensions/idleberg.icon-fonts-2.5.4-universal/snippets/css/fi.json
2024-11-14 17:26:36.738 [error] Error: 无法读取文件'/home/HL/.vscode-oss/extensions/idleberg.icon-fonts-2.5.4-universal/snippets/html/fi.json' (Error: 无法解析不存在的文件 '/home/HL/.vscode-oss/extensions/idleberg.icon-fonts-2.5.4-universal/snippets/html/fi.json')
    at Pnt.F (vscode-file://vscode-app/usr/lib/code/out/vs/workbench/workbench.desktop.main.js:3088:69694)
    at Pnt.D (vscode-file://vscode-app/usr/lib/code/out/vs/workbench/workbench.desktop.main.js:3088:69519)
    at async Pnt.C (vscode-file://vscode-app/usr/lib/code/out/vs/workbench/workbench.desktop.main.js:3088:68887)
    at async Wrt.readExtensionResource (vscode-file://vscode-app/usr/lib/code/out/vs/workbench/workbench.desktop.main.js:3114:2109)
    at async Promise.all (index 67)
    at async LPe.getSnippets (vscode-file://vscode-app/usr/lib/code/out/vs/workbench/workbench.desktop.main.js:494:20141)
    at async SPe.provideCompletionItems (vscode-file://vscode-app/usr/lib/code/out/vs/workbench/workbench.desktop.main.js:494:14532)
    at async vscode-file://vscode-app/usr/lib/code/out/vs/workbench/workbench.desktop.main.js:433:31518 file:///home/HL/.vscode-oss/extensions/idleberg.icon-fonts-2.5.4-universal/snippets/html/fi.json
2024-11-14 17:26:36.738 [error] Error: 无法读取文件'/home/HL/.vscode-oss/extensions/idleberg.icon-fonts-2.5.4-universal/snippets/jsx/fi.json' (Error: 无法解析不存在的文件 '/home/HL/.vscode-oss/extensions/idleberg.icon-fonts-2.5.4-universal/snippets/jsx/fi.json')
    at Pnt.F (vscode-file://vscode-app/usr/lib/code/out/vs/workbench/workbench.desktop.main.js:3088:69694)
    at Pnt.D (vscode-file://vscode-app/usr/lib/code/out/vs/workbench/workbench.desktop.main.js:3088:69519)
    at async Pnt.C (vscode-file://vscode-app/usr/lib/code/out/vs/workbench/workbench.desktop.main.js:3088:68887)
    at async Wrt.readExtensionResource (vscode-file://vscode-app/usr/lib/code/out/vs/workbench/workbench.desktop.main.js:3114:2109)
    at async Promise.all (index 94)
    at async LPe.getSnippets (vscode-file://vscode-app/usr/lib/code/out/vs/workbench/workbench.desktop.main.js:494:20141)
    at async SPe.provideCompletionItems (vscode-file://vscode-app/usr/lib/code/out/vs/workbench/workbench.desktop.main.js:494:14532)
    at async vscode-file://vscode-app/usr/lib/code/out/vs/workbench/workbench.desktop.main.js:433:31518 file:///home/HL/.vscode-oss/extensions/idleberg.icon-fonts-2.5.4-universal/snippets/jsx/fi.json
2024-11-14 17:26:36.739 [error] Error: 无法读取文件'/home/HL/.vscode-oss/extensions/idleberg.icon-fonts-2.5.4-universal/snippets/jsx/geomicon.json' (Error: 无法解析不存在的文件 '/home/HL/.vscode-oss/extensions/idleberg.icon-fonts-2.5.4-universal/snippets/jsx/geomicon.json')
    at Pnt.F (vscode-file://vscode-app/usr/lib/code/out/vs/workbench/workbench.desktop.main.js:3088:69694)
    at Pnt.D (vscode-file://vscode-app/usr/lib/code/out/vs/workbench/workbench.desktop.main.js:3088:69519)
    at async Pnt.C (vscode-file://vscode-app/usr/lib/code/out/vs/workbench/workbench.desktop.main.js:3088:68887)
    at async Wrt.readExtensionResource (vscode-file://vscode-app/usr/lib/code/out/vs/workbench/workbench.desktop.main.js:3114:2109)
    at async Promise.all (index 96)
    at async LPe.getSnippets (vscode-file://vscode-app/usr/lib/code/out/vs/workbench/workbench.desktop.main.js:494:20141)
    at async SPe.provideCompletionItems (vscode-file://vscode-app/usr/lib/code/out/vs/workbench/workbench.desktop.main.js:494:14532)
    at async vscode-file://vscode-app/usr/lib/code/out/vs/workbench/workbench.desktop.main.js:433:31518 file:///home/HL/.vscode-oss/extensions/idleberg.icon-fonts-2.5.4-universal/snippets/jsx/geomicon.json
