2024-11-14 17:28:43.140 [info] Started local extension host with pid 32551.
2024-11-14 17:28:43.492 [error] Extension 'ms-python.debugpy CANNOT USE these API proposals 'portsAttributes, contribIssueReporter, debugVisualization, contribViewsWelcome'. You MUST start in extension development mode or use the --enable-proposed-api command line flag
2024-11-14 17:28:43.493 [error] Extension 'ms-python.python CANNOT USE these API proposals 'contribEditorContentMenu, quickPickSortByLabel, testObserver, quickPickItemTooltip, terminalDataWriteEvent, terminalExecuteCommandEvent, codeActionAI, notebookReplDocument, notebookVariableProvider'. You MUST start in extension development mode or use the --enable-proposed-api command line flag
2024-11-14 17:28:43.497 [info] Placing extension(s) asvetliakov.vscode-neovim on a separate extension host.
2024-11-14 17:28:43.499 [error] [tht13.python]: "configuration.jsonValidation.url" 必须是绝对 URL 或者以 "./" 开头，以引用扩展中的架构。
2024-11-14 17:28:43.511 [error] [EricSia.pythonsnippets3]: "contributes.pythonsnippets3.language" 中包含未知语言。提供的值: django-html
2024-11-14 17:28:43.511 [error] [EricSia.pythonsnippets3]: "contributes.pythonsnippets3.language" 中包含未知语言。提供的值: django-txt
2024-11-14 17:28:43.511 [error] [idleberg.icon-fonts]: "contributes.icon-fonts.language" 中包含未知语言。提供的值: blade
2024-11-14 17:28:43.512 [error] [idleberg.icon-fonts]: "contributes.icon-fonts.language" 中包含未知语言。提供的值: blade
2024-11-14 17:28:43.512 [error] [idleberg.icon-fonts]: "contributes.icon-fonts.language" 中包含未知语言。提供的值: blade
2024-11-14 17:28:43.512 [error] [idleberg.icon-fonts]: "contributes.icon-fonts.language" 中包含未知语言。提供的值: blade
2024-11-14 17:28:43.513 [error] [idleberg.icon-fonts]: "contributes.icon-fonts.language" 中包含未知语言。提供的值: blade
2024-11-14 17:28:43.513 [error] [idleberg.icon-fonts]: "contributes.icon-fonts.language" 中包含未知语言。提供的值: blade
2024-11-14 17:28:43.514 [error] [idleberg.icon-fonts]: "contributes.icon-fonts.language" 中包含未知语言。提供的值: blade
2024-11-14 17:28:43.514 [error] [idleberg.icon-fonts]: "contributes.icon-fonts.language" 中包含未知语言。提供的值: blade
2024-11-14 17:28:43.514 [error] [idleberg.icon-fonts]: "contributes.icon-fonts.language" 中包含未知语言。提供的值: blade
2024-11-14 17:28:43.515 [error] [idleberg.icon-fonts]: "contributes.icon-fonts.language" 中包含未知语言。提供的值: blade
2024-11-14 17:28:43.515 [error] [idleberg.icon-fonts]: "contributes.icon-fonts.language" 中包含未知语言。提供的值: blade
2024-11-14 17:28:43.515 [error] [idleberg.icon-fonts]: "contributes.icon-fonts.language" 中包含未知语言。提供的值: blade
2024-11-14 17:28:43.516 [error] [idleberg.icon-fonts]: "contributes.icon-fonts.language" 中包含未知语言。提供的值: blade
2024-11-14 17:28:43.516 [error] [idleberg.icon-fonts]: "contributes.icon-fonts.language" 中包含未知语言。提供的值: blade
2024-11-14 17:28:43.516 [error] [idleberg.icon-fonts]: "contributes.icon-fonts.language" 中包含未知语言。提供的值: blade
2024-11-14 17:28:43.517 [error] [idleberg.icon-fonts]: "contributes.icon-fonts.language" 中包含未知语言。提供的值: blade
2024-11-14 17:28:43.517 [error] [idleberg.icon-fonts]: "contributes.icon-fonts.language" 中包含未知语言。提供的值: blade
2024-11-14 17:28:43.518 [error] [idleberg.icon-fonts]: "contributes.icon-fonts.language" 中包含未知语言。提供的值: blade
2024-11-14 17:28:43.518 [error] [idleberg.icon-fonts]: "contributes.icon-fonts.language" 中包含未知语言。提供的值: blade
2024-11-14 17:28:43.519 [error] [idleberg.icon-fonts]: "contributes.icon-fonts.language" 中包含未知语言。提供的值: blade
2024-11-14 17:28:43.519 [error] [idleberg.icon-fonts]: "contributes.icon-fonts.language" 中包含未知语言。提供的值: blade
2024-11-14 17:28:43.520 [error] [idleberg.icon-fonts]: "contributes.icon-fonts.language" 中包含未知语言。提供的值: blade
2024-11-14 17:28:43.520 [error] [idleberg.icon-fonts]: "contributes.icon-fonts.language" 中包含未知语言。提供的值: blade
2024-11-14 17:28:43.521 [error] [idleberg.icon-fonts]: "contributes.icon-fonts.language" 中包含未知语言。提供的值: blade
2024-11-14 17:28:43.521 [error] [idleberg.icon-fonts]: "contributes.icon-fonts.language" 中包含未知语言。提供的值: blade
2024-11-14 17:28:43.522 [error] [idleberg.icon-fonts]: "contributes.icon-fonts.language" 中包含未知语言。提供的值: blade
2024-11-14 17:28:43.522 [error] [idleberg.icon-fonts]: "contributes.icon-fonts.language" 中包含未知语言。提供的值: blade
2024-11-14 17:28:43.522 [error] [idleberg.icon-fonts]: "contributes.icon-fonts.language" 中包含未知语言。提供的值: vue-html
2024-11-14 17:28:43.523 [error] [idleberg.icon-fonts]: "contributes.icon-fonts.language" 中包含未知语言。提供的值: vue-html
2024-11-14 17:28:43.523 [error] [idleberg.icon-fonts]: "contributes.icon-fonts.language" 中包含未知语言。提供的值: vue-html
2024-11-14 17:28:43.523 [error] [idleberg.icon-fonts]: "contributes.icon-fonts.language" 中包含未知语言。提供的值: vue-html
2024-11-14 17:28:43.524 [error] [idleberg.icon-fonts]: "contributes.icon-fonts.language" 中包含未知语言。提供的值: vue-html
2024-11-14 17:28:43.524 [error] [idleberg.icon-fonts]: "contributes.icon-fonts.language" 中包含未知语言。提供的值: vue-html
2024-11-14 17:28:43.524 [error] [idleberg.icon-fonts]: "contributes.icon-fonts.language" 中包含未知语言。提供的值: vue-html
2024-11-14 17:28:43.524 [error] [idleberg.icon-fonts]: "contributes.icon-fonts.language" 中包含未知语言。提供的值: vue-html
2024-11-14 17:28:43.524 [error] [idleberg.icon-fonts]: "contributes.icon-fonts.language" 中包含未知语言。提供的值: vue-html
2024-11-14 17:28:43.525 [error] [idleberg.icon-fonts]: "contributes.icon-fonts.language" 中包含未知语言。提供的值: vue-html
2024-11-14 17:28:43.525 [error] [idleberg.icon-fonts]: "contributes.icon-fonts.language" 中包含未知语言。提供的值: vue-html
2024-11-14 17:28:43.525 [error] [idleberg.icon-fonts]: "contributes.icon-fonts.language" 中包含未知语言。提供的值: vue-html
2024-11-14 17:28:43.526 [error] [idleberg.icon-fonts]: "contributes.icon-fonts.language" 中包含未知语言。提供的值: vue-html
2024-11-14 17:28:43.526 [error] [idleberg.icon-fonts]: "contributes.icon-fonts.language" 中包含未知语言。提供的值: vue-html
2024-11-14 17:28:43.526 [error] [idleberg.icon-fonts]: "contributes.icon-fonts.language" 中包含未知语言。提供的值: vue-html
2024-11-14 17:28:43.527 [error] [idleberg.icon-fonts]: "contributes.icon-fonts.language" 中包含未知语言。提供的值: vue-html
2024-11-14 17:28:43.527 [error] [idleberg.icon-fonts]: "contributes.icon-fonts.language" 中包含未知语言。提供的值: vue-html
2024-11-14 17:28:43.527 [error] [idleberg.icon-fonts]: "contributes.icon-fonts.language" 中包含未知语言。提供的值: vue-html
2024-11-14 17:28:43.527 [error] [idleberg.icon-fonts]: "contributes.icon-fonts.language" 中包含未知语言。提供的值: vue-html
2024-11-14 17:28:43.528 [error] [idleberg.icon-fonts]: "contributes.icon-fonts.language" 中包含未知语言。提供的值: vue-html
2024-11-14 17:28:43.528 [error] [idleberg.icon-fonts]: "contributes.icon-fonts.language" 中包含未知语言。提供的值: vue-html
2024-11-14 17:28:43.528 [error] [idleberg.icon-fonts]: "contributes.icon-fonts.language" 中包含未知语言。提供的值: vue-html
2024-11-14 17:28:43.529 [error] [idleberg.icon-fonts]: "contributes.icon-fonts.language" 中包含未知语言。提供的值: vue-html
2024-11-14 17:28:43.529 [error] [idleberg.icon-fonts]: "contributes.icon-fonts.language" 中包含未知语言。提供的值: vue-html
2024-11-14 17:28:43.529 [error] [idleberg.icon-fonts]: "contributes.icon-fonts.language" 中包含未知语言。提供的值: vue-html
2024-11-14 17:28:43.529 [error] [idleberg.icon-fonts]: "contributes.icon-fonts.language" 中包含未知语言。提供的值: vue-html
2024-11-14 17:28:43.530 [error] [idleberg.icon-fonts]: "contributes.icon-fonts.language" 中包含未知语言。提供的值: vue-html
2024-11-14 17:28:43.530 [error] [idleberg.icon-fonts]: "contributes.icon-fonts.language" 中包含未知语言。提供的值: svelte
2024-11-14 17:28:43.530 [error] [idleberg.icon-fonts]: "contributes.icon-fonts.language" 中包含未知语言。提供的值: svelte
2024-11-14 17:28:43.530 [error] [idleberg.icon-fonts]: "contributes.icon-fonts.language" 中包含未知语言。提供的值: svelte
2024-11-14 17:28:43.530 [error] [idleberg.icon-fonts]: "contributes.icon-fonts.language" 中包含未知语言。提供的值: svelte
2024-11-14 17:28:43.531 [error] [idleberg.icon-fonts]: "contributes.icon-fonts.language" 中包含未知语言。提供的值: svelte
2024-11-14 17:28:43.531 [error] [idleberg.icon-fonts]: "contributes.icon-fonts.language" 中包含未知语言。提供的值: svelte
2024-11-14 17:28:43.531 [error] [idleberg.icon-fonts]: "contributes.icon-fonts.language" 中包含未知语言。提供的值: svelte
2024-11-14 17:28:43.531 [error] [idleberg.icon-fonts]: "contributes.icon-fonts.language" 中包含未知语言。提供的值: svelte
2024-11-14 17:28:43.531 [error] [idleberg.icon-fonts]: "contributes.icon-fonts.language" 中包含未知语言。提供的值: svelte
2024-11-14 17:28:43.532 [error] [idleberg.icon-fonts]: "contributes.icon-fonts.language" 中包含未知语言。提供的值: svelte
2024-11-14 17:28:43.532 [error] [idleberg.icon-fonts]: "contributes.icon-fonts.language" 中包含未知语言。提供的值: svelte
2024-11-14 17:28:43.532 [error] [idleberg.icon-fonts]: "contributes.icon-fonts.language" 中包含未知语言。提供的值: svelte
2024-11-14 17:28:43.532 [error] [idleberg.icon-fonts]: "contributes.icon-fonts.language" 中包含未知语言。提供的值: svelte
2024-11-14 17:28:43.532 [error] [idleberg.icon-fonts]: "contributes.icon-fonts.language" 中包含未知语言。提供的值: svelte
2024-11-14 17:28:43.532 [error] [idleberg.icon-fonts]: "contributes.icon-fonts.language" 中包含未知语言。提供的值: svelte
2024-11-14 17:28:43.533 [error] [idleberg.icon-fonts]: "contributes.icon-fonts.language" 中包含未知语言。提供的值: svelte
2024-11-14 17:28:43.533 [error] [idleberg.icon-fonts]: "contributes.icon-fonts.language" 中包含未知语言。提供的值: svelte
2024-11-14 17:28:43.533 [error] [idleberg.icon-fonts]: "contributes.icon-fonts.language" 中包含未知语言。提供的值: svelte
2024-11-14 17:28:43.533 [error] [idleberg.icon-fonts]: "contributes.icon-fonts.language" 中包含未知语言。提供的值: svelte
2024-11-14 17:28:43.533 [error] [idleberg.icon-fonts]: "contributes.icon-fonts.language" 中包含未知语言。提供的值: svelte
2024-11-14 17:28:43.533 [error] [idleberg.icon-fonts]: "contributes.icon-fonts.language" 中包含未知语言。提供的值: svelte
2024-11-14 17:28:43.533 [error] [idleberg.icon-fonts]: "contributes.icon-fonts.language" 中包含未知语言。提供的值: svelte
2024-11-14 17:28:43.533 [error] [idleberg.icon-fonts]: "contributes.icon-fonts.language" 中包含未知语言。提供的值: svelte
2024-11-14 17:28:43.534 [error] [idleberg.icon-fonts]: "contributes.icon-fonts.language" 中包含未知语言。提供的值: svelte
2024-11-14 17:28:43.534 [error] [idleberg.icon-fonts]: "contributes.icon-fonts.language" 中包含未知语言。提供的值: svelte
2024-11-14 17:28:43.534 [error] [idleberg.icon-fonts]: "contributes.icon-fonts.language" 中包含未知语言。提供的值: svelte
2024-11-14 17:28:43.534 [error] [idleberg.icon-fonts]: "contributes.icon-fonts.language" 中包含未知语言。提供的值: svelte
2024-11-14 17:28:43.534 [error] [ms-python.debugpy]: issue/reporter 是建议的菜单标识符。它需要 “package.json#enabledApiProposals: [“contribIssueReporter”]”，并且仅在开发用完或使用以下命令行开关时可用: --enable-proposed-api ms-python.debugpy
2024-11-14 17:28:43.534 [error] [ms-python.python]: issue/reporter 是建议的菜单标识符。它需要 “package.json#enabledApiProposals: [“contribIssueReporter”]”，并且仅在开发用完或使用以下命令行开关时可用: --enable-proposed-api ms-python.python
2024-11-14 17:28:43.534 [error] [ms-python.python]: editor/content 是建议的菜单标识符。它需要 “package.json#enabledApiProposals: [“contribEditorContentMenu”]”，并且仅在开发用完或使用以下命令行开关时可用: --enable-proposed-api ms-python.python
2024-11-14 17:28:43.534 [warning] [REditorSupport.r]: 无法注册“r.rpath.windows”。此属性已注册。
2024-11-14 17:28:43.535 [warning] [REditorSupport.r]: 无法注册“r.rpath.mac”。此属性已注册。
2024-11-14 17:28:43.535 [warning] [REditorSupport.r]: 无法注册“r.rpath.linux”。此属性已注册。
2024-11-14 17:28:43.734 [info] Started local extension host with pid 32606.
2024-11-14 17:28:45.748 [error] Error: 无法读取文件'/home/HL/.vscode-oss/extensions/idleberg.icon-fonts-2.5.4-universal/snippets/css/fi.json' (Error: 无法解析不存在的文件 '/home/HL/.vscode-oss/extensions/idleberg.icon-fonts-2.5.4-universal/snippets/css/fi.json')
    at Pnt.F (vscode-file://vscode-app/usr/lib/code/out/vs/workbench/workbench.desktop.main.js:3088:69694)
    at Pnt.D (vscode-file://vscode-app/usr/lib/code/out/vs/workbench/workbench.desktop.main.js:3088:69519)
    at async Pnt.C (vscode-file://vscode-app/usr/lib/code/out/vs/workbench/workbench.desktop.main.js:3088:68887)
    at async Wrt.readExtensionResource (vscode-file://vscode-app/usr/lib/code/out/vs/workbench/workbench.desktop.main.js:3114:2109)
    at async Promise.all (index 43)
    at async LPe.getSnippets (vscode-file://vscode-app/usr/lib/code/out/vs/workbench/workbench.desktop.main.js:494:20141)
    at async _si (vscode-file://vscode-app/usr/lib/code/out/vs/workbench/workbench.desktop.main.js:2579:3936)
    at async Ett.provideCodeActions (vscode-file://vscode-app/usr/lib/code/out/vs/workbench/workbench.desktop.main.js:2579:4931)
    at async vscode-file://vscode-app/usr/lib/code/out/vs/workbench/workbench.desktop.main.js:411:65726
    at async Promise.all (index 2) file:///home/HL/.vscode-oss/extensions/idleberg.icon-fonts-2.5.4-universal/snippets/css/fi.json
2024-11-14 17:28:45.771 [error] Error: 无法读取文件'/home/HL/.vscode-oss/extensions/idleberg.icon-fonts-2.5.4-universal/snippets/html/fi.json' (Error: 无法解析不存在的文件 '/home/HL/.vscode-oss/extensions/idleberg.icon-fonts-2.5.4-universal/snippets/html/fi.json')
    at Pnt.F (vscode-file://vscode-app/usr/lib/code/out/vs/workbench/workbench.desktop.main.js:3088:69694)
    at Pnt.D (vscode-file://vscode-app/usr/lib/code/out/vs/workbench/workbench.desktop.main.js:3088:69519)
    at async Pnt.C (vscode-file://vscode-app/usr/lib/code/out/vs/workbench/workbench.desktop.main.js:3088:68887)
    at async Wrt.readExtensionResource (vscode-file://vscode-app/usr/lib/code/out/vs/workbench/workbench.desktop.main.js:3114:2109)
    at async Promise.all (index 67)
    at async LPe.getSnippets (vscode-file://vscode-app/usr/lib/code/out/vs/workbench/workbench.desktop.main.js:494:20141)
    at async _si (vscode-file://vscode-app/usr/lib/code/out/vs/workbench/workbench.desktop.main.js:2579:3936)
    at async Ett.provideCodeActions (vscode-file://vscode-app/usr/lib/code/out/vs/workbench/workbench.desktop.main.js:2579:4931)
    at async vscode-file://vscode-app/usr/lib/code/out/vs/workbench/workbench.desktop.main.js:411:65726
    at async Promise.all (index 2) file:///home/HL/.vscode-oss/extensions/idleberg.icon-fonts-2.5.4-universal/snippets/html/fi.json
2024-11-14 17:28:45.792 [error] Error: 无法读取文件'/home/HL/.vscode-oss/extensions/idleberg.icon-fonts-2.5.4-universal/snippets/jsx/fi.json' (Error: 无法解析不存在的文件 '/home/HL/.vscode-oss/extensions/idleberg.icon-fonts-2.5.4-universal/snippets/jsx/fi.json')
    at Pnt.F (vscode-file://vscode-app/usr/lib/code/out/vs/workbench/workbench.desktop.main.js:3088:69694)
    at Pnt.D (vscode-file://vscode-app/usr/lib/code/out/vs/workbench/workbench.desktop.main.js:3088:69519)
    at async Pnt.C (vscode-file://vscode-app/usr/lib/code/out/vs/workbench/workbench.desktop.main.js:3088:68887)
    at async Wrt.readExtensionResource (vscode-file://vscode-app/usr/lib/code/out/vs/workbench/workbench.desktop.main.js:3114:2109)
    at async Promise.all (index 94)
    at async LPe.getSnippets (vscode-file://vscode-app/usr/lib/code/out/vs/workbench/workbench.desktop.main.js:494:20141)
    at async _si (vscode-file://vscode-app/usr/lib/code/out/vs/workbench/workbench.desktop.main.js:2579:3936)
    at async Ett.provideCodeActions (vscode-file://vscode-app/usr/lib/code/out/vs/workbench/workbench.desktop.main.js:2579:4931)
    at async vscode-file://vscode-app/usr/lib/code/out/vs/workbench/workbench.desktop.main.js:411:65726
    at async Promise.all (index 2) file:///home/HL/.vscode-oss/extensions/idleberg.icon-fonts-2.5.4-universal/snippets/jsx/fi.json
2024-11-14 17:28:45.793 [error] Error: 无法读取文件'/home/HL/.vscode-oss/extensions/idleberg.icon-fonts-2.5.4-universal/snippets/jsx/geomicon.json' (Error: 无法解析不存在的文件 '/home/HL/.vscode-oss/extensions/idleberg.icon-fonts-2.5.4-universal/snippets/jsx/geomicon.json')
    at Pnt.F (vscode-file://vscode-app/usr/lib/code/out/vs/workbench/workbench.desktop.main.js:3088:69694)
    at Pnt.D (vscode-file://vscode-app/usr/lib/code/out/vs/workbench/workbench.desktop.main.js:3088:69519)
    at async Pnt.C (vscode-file://vscode-app/usr/lib/code/out/vs/workbench/workbench.desktop.main.js:3088:68887)
    at async Wrt.readExtensionResource (vscode-file://vscode-app/usr/lib/code/out/vs/workbench/workbench.desktop.main.js:3114:2109)
    at async Promise.all (index 96)
    at async LPe.getSnippets (vscode-file://vscode-app/usr/lib/code/out/vs/workbench/workbench.desktop.main.js:494:20141)
    at async _si (vscode-file://vscode-app/usr/lib/code/out/vs/workbench/workbench.desktop.main.js:2579:3936)
    at async Ett.provideCodeActions (vscode-file://vscode-app/usr/lib/code/out/vs/workbench/workbench.desktop.main.js:2579:4931)
    at async vscode-file://vscode-app/usr/lib/code/out/vs/workbench/workbench.desktop.main.js:411:65726
    at async Promise.all (index 2) file:///home/HL/.vscode-oss/extensions/idleberg.icon-fonts-2.5.4-universal/snippets/jsx/geomicon.json
2024-11-14 17:28:46.414 [error] selectionRange must be contained in fullRange: Error: selectionRange must be contained in fullRange
	at Hd.validate (file:///usr/lib/code/out/vs/workbench/api/node/extensionHostProcess.js:108:33675)
	at new Hd (file:///usr/lib/code/out/vs/workbench/api/node/extensionHostProcess.js:108:33883)
	at G (/home/HL/.vscode-oss/extensions/redhat.java-1.36.0-linux-x64/dist/extension.js:2:1246711)
	at c (/home/HL/.vscode-oss/extensions/redhat.java-1.36.0-linux-x64/dist/extension.js:2:1285227)
	at t.map (/home/HL/.vscode-oss/extensions/redhat.java-1.36.0-linux-x64/dist/extension.js:2:1285313)
	at Object.asDocumentSymbols (/home/HL/.vscode-oss/extensions/redhat.java-1.36.0-linux-x64/dist/extension.js:2:1254767)
	at /home/HL/.vscode-oss/extensions/redhat.java-1.36.0-linux-x64/dist/extension.js:2:949198
	at Generator.next (<anonymous>)
	at s (/home/HL/.vscode-oss/extensions/redhat.java-1.36.0-linux-x64/dist/extension.js:2:948254)
2024-11-14 17:28:46.591 [error] Error: 无法读取文件'/home/HL/.vscode-oss/extensions/idleberg.icon-fonts-2.5.4-universal/snippets/css/fi.json' (Error: 无法解析不存在的文件 '/home/HL/.vscode-oss/extensions/idleberg.icon-fonts-2.5.4-universal/snippets/css/fi.json')
    at Pnt.F (vscode-file://vscode-app/usr/lib/code/out/vs/workbench/workbench.desktop.main.js:3088:69694)
    at Pnt.D (vscode-file://vscode-app/usr/lib/code/out/vs/workbench/workbench.desktop.main.js:3088:69519)
    at async Pnt.C (vscode-file://vscode-app/usr/lib/code/out/vs/workbench/workbench.desktop.main.js:3088:68887)
    at async Wrt.readExtensionResource (vscode-file://vscode-app/usr/lib/code/out/vs/workbench/workbench.desktop.main.js:3114:2109)
    at async Promise.all (index 43)
    at async LPe.getSnippets (vscode-file://vscode-app/usr/lib/code/out/vs/workbench/workbench.desktop.main.js:494:20141)
    at async _si (vscode-file://vscode-app/usr/lib/code/out/vs/workbench/workbench.desktop.main.js:2579:3936)
    at async Ett.provideCodeActions (vscode-file://vscode-app/usr/lib/code/out/vs/workbench/workbench.desktop.main.js:2579:4931)
    at async vscode-file://vscode-app/usr/lib/code/out/vs/workbench/workbench.desktop.main.js:411:65726
    at async Promise.all (index 2) file:///home/HL/.vscode-oss/extensions/idleberg.icon-fonts-2.5.4-universal/snippets/css/fi.json
2024-11-14 17:28:46.592 [error] Error: 无法读取文件'/home/HL/.vscode-oss/extensions/idleberg.icon-fonts-2.5.4-universal/snippets/html/fi.json' (Error: 无法解析不存在的文件 '/home/HL/.vscode-oss/extensions/idleberg.icon-fonts-2.5.4-universal/snippets/html/fi.json')
    at Pnt.F (vscode-file://vscode-app/usr/lib/code/out/vs/workbench/workbench.desktop.main.js:3088:69694)
    at Pnt.D (vscode-file://vscode-app/usr/lib/code/out/vs/workbench/workbench.desktop.main.js:3088:69519)
    at async Pnt.C (vscode-file://vscode-app/usr/lib/code/out/vs/workbench/workbench.desktop.main.js:3088:68887)
    at async Wrt.readExtensionResource (vscode-file://vscode-app/usr/lib/code/out/vs/workbench/workbench.desktop.main.js:3114:2109)
    at async Promise.all (index 67)
    at async LPe.getSnippets (vscode-file://vscode-app/usr/lib/code/out/vs/workbench/workbench.desktop.main.js:494:20141)
    at async _si (vscode-file://vscode-app/usr/lib/code/out/vs/workbench/workbench.desktop.main.js:2579:3936)
    at async Ett.provideCodeActions (vscode-file://vscode-app/usr/lib/code/out/vs/workbench/workbench.desktop.main.js:2579:4931)
    at async vscode-file://vscode-app/usr/lib/code/out/vs/workbench/workbench.desktop.main.js:411:65726
    at async Promise.all (index 2) file:///home/HL/.vscode-oss/extensions/idleberg.icon-fonts-2.5.4-universal/snippets/html/fi.json
2024-11-14 17:28:46.592 [error] Error: 无法读取文件'/home/HL/.vscode-oss/extensions/idleberg.icon-fonts-2.5.4-universal/snippets/jsx/fi.json' (Error: 无法解析不存在的文件 '/home/HL/.vscode-oss/extensions/idleberg.icon-fonts-2.5.4-universal/snippets/jsx/fi.json')
    at Pnt.F (vscode-file://vscode-app/usr/lib/code/out/vs/workbench/workbench.desktop.main.js:3088:69694)
    at Pnt.D (vscode-file://vscode-app/usr/lib/code/out/vs/workbench/workbench.desktop.main.js:3088:69519)
    at async Pnt.C (vscode-file://vscode-app/usr/lib/code/out/vs/workbench/workbench.desktop.main.js:3088:68887)
    at async Wrt.readExtensionResource (vscode-file://vscode-app/usr/lib/code/out/vs/workbench/workbench.desktop.main.js:3114:2109)
    at async Promise.all (index 94)
    at async LPe.getSnippets (vscode-file://vscode-app/usr/lib/code/out/vs/workbench/workbench.desktop.main.js:494:20141)
    at async _si (vscode-file://vscode-app/usr/lib/code/out/vs/workbench/workbench.desktop.main.js:2579:3936)
    at async Ett.provideCodeActions (vscode-file://vscode-app/usr/lib/code/out/vs/workbench/workbench.desktop.main.js:2579:4931)
    at async vscode-file://vscode-app/usr/lib/code/out/vs/workbench/workbench.desktop.main.js:411:65726
    at async Promise.all (index 2) file:///home/HL/.vscode-oss/extensions/idleberg.icon-fonts-2.5.4-universal/snippets/jsx/fi.json
2024-11-14 17:28:46.593 [error] Error: 无法读取文件'/home/HL/.vscode-oss/extensions/idleberg.icon-fonts-2.5.4-universal/snippets/jsx/geomicon.json' (Error: 无法解析不存在的文件 '/home/HL/.vscode-oss/extensions/idleberg.icon-fonts-2.5.4-universal/snippets/jsx/geomicon.json')
    at Pnt.F (vscode-file://vscode-app/usr/lib/code/out/vs/workbench/workbench.desktop.main.js:3088:69694)
    at Pnt.D (vscode-file://vscode-app/usr/lib/code/out/vs/workbench/workbench.desktop.main.js:3088:69519)
    at async Pnt.C (vscode-file://vscode-app/usr/lib/code/out/vs/workbench/workbench.desktop.main.js:3088:68887)
    at async Wrt.readExtensionResource (vscode-file://vscode-app/usr/lib/code/out/vs/workbench/workbench.desktop.main.js:3114:2109)
    at async Promise.all (index 96)
    at async LPe.getSnippets (vscode-file://vscode-app/usr/lib/code/out/vs/workbench/workbench.desktop.main.js:494:20141)
    at async _si (vscode-file://vscode-app/usr/lib/code/out/vs/workbench/workbench.desktop.main.js:2579:3936)
    at async Ett.provideCodeActions (vscode-file://vscode-app/usr/lib/code/out/vs/workbench/workbench.desktop.main.js:2579:4931)
    at async vscode-file://vscode-app/usr/lib/code/out/vs/workbench/workbench.desktop.main.js:411:65726
    at async Promise.all (index 2) file:///home/HL/.vscode-oss/extensions/idleberg.icon-fonts-2.5.4-universal/snippets/jsx/geomicon.json
2024-11-14 17:28:47.893 [info] [perf] Render performance baseline is 39ms
2024-11-14 17:28:48.402 [error] Error: 无法读取文件'/home/HL/.vscode-oss/extensions/idleberg.icon-fonts-2.5.4-universal/snippets/css/fi.json' (Error: 无法解析不存在的文件 '/home/HL/.vscode-oss/extensions/idleberg.icon-fonts-2.5.4-universal/snippets/css/fi.json')
    at Pnt.F (vscode-file://vscode-app/usr/lib/code/out/vs/workbench/workbench.desktop.main.js:3088:69694)
    at Pnt.D (vscode-file://vscode-app/usr/lib/code/out/vs/workbench/workbench.desktop.main.js:3088:69519)
    at async Pnt.C (vscode-file://vscode-app/usr/lib/code/out/vs/workbench/workbench.desktop.main.js:3088:68887)
    at async Wrt.readExtensionResource (vscode-file://vscode-app/usr/lib/code/out/vs/workbench/workbench.desktop.main.js:3114:2109)
    at async Promise.all (index 43)
    at async LPe.getSnippets (vscode-file://vscode-app/usr/lib/code/out/vs/workbench/workbench.desktop.main.js:494:20141)
    at async _si (vscode-file://vscode-app/usr/lib/code/out/vs/workbench/workbench.desktop.main.js:2579:3936)
    at async Ett.provideCodeActions (vscode-file://vscode-app/usr/lib/code/out/vs/workbench/workbench.desktop.main.js:2579:4931)
    at async vscode-file://vscode-app/usr/lib/code/out/vs/workbench/workbench.desktop.main.js:411:65726
    at async Promise.all (index 2) file:///home/HL/.vscode-oss/extensions/idleberg.icon-fonts-2.5.4-universal/snippets/css/fi.json
2024-11-14 17:28:48.403 [error] Error: 无法读取文件'/home/HL/.vscode-oss/extensions/idleberg.icon-fonts-2.5.4-universal/snippets/html/fi.json' (Error: 无法解析不存在的文件 '/home/HL/.vscode-oss/extensions/idleberg.icon-fonts-2.5.4-universal/snippets/html/fi.json')
    at Pnt.F (vscode-file://vscode-app/usr/lib/code/out/vs/workbench/workbench.desktop.main.js:3088:69694)
    at Pnt.D (vscode-file://vscode-app/usr/lib/code/out/vs/workbench/workbench.desktop.main.js:3088:69519)
    at async Pnt.C (vscode-file://vscode-app/usr/lib/code/out/vs/workbench/workbench.desktop.main.js:3088:68887)
    at async Wrt.readExtensionResource (vscode-file://vscode-app/usr/lib/code/out/vs/workbench/workbench.desktop.main.js:3114:2109)
    at async Promise.all (index 67)
    at async LPe.getSnippets (vscode-file://vscode-app/usr/lib/code/out/vs/workbench/workbench.desktop.main.js:494:20141)
    at async _si (vscode-file://vscode-app/usr/lib/code/out/vs/workbench/workbench.desktop.main.js:2579:3936)
    at async Ett.provideCodeActions (vscode-file://vscode-app/usr/lib/code/out/vs/workbench/workbench.desktop.main.js:2579:4931)
    at async vscode-file://vscode-app/usr/lib/code/out/vs/workbench/workbench.desktop.main.js:411:65726
    at async Promise.all (index 2) file:///home/HL/.vscode-oss/extensions/idleberg.icon-fonts-2.5.4-universal/snippets/html/fi.json
2024-11-14 17:28:48.403 [error] Error: 无法读取文件'/home/HL/.vscode-oss/extensions/idleberg.icon-fonts-2.5.4-universal/snippets/jsx/fi.json' (Error: 无法解析不存在的文件 '/home/HL/.vscode-oss/extensions/idleberg.icon-fonts-2.5.4-universal/snippets/jsx/fi.json')
    at Pnt.F (vscode-file://vscode-app/usr/lib/code/out/vs/workbench/workbench.desktop.main.js:3088:69694)
    at Pnt.D (vscode-file://vscode-app/usr/lib/code/out/vs/workbench/workbench.desktop.main.js:3088:69519)
    at async Pnt.C (vscode-file://vscode-app/usr/lib/code/out/vs/workbench/workbench.desktop.main.js:3088:68887)
    at async Wrt.readExtensionResource (vscode-file://vscode-app/usr/lib/code/out/vs/workbench/workbench.desktop.main.js:3114:2109)
    at async Promise.all (index 94)
    at async LPe.getSnippets (vscode-file://vscode-app/usr/lib/code/out/vs/workbench/workbench.desktop.main.js:494:20141)
    at async _si (vscode-file://vscode-app/usr/lib/code/out/vs/workbench/workbench.desktop.main.js:2579:3936)
    at async Ett.provideCodeActions (vscode-file://vscode-app/usr/lib/code/out/vs/workbench/workbench.desktop.main.js:2579:4931)
    at async vscode-file://vscode-app/usr/lib/code/out/vs/workbench/workbench.desktop.main.js:411:65726
    at async Promise.all (index 2) file:///home/HL/.vscode-oss/extensions/idleberg.icon-fonts-2.5.4-universal/snippets/jsx/fi.json
2024-11-14 17:28:48.403 [error] Error: 无法读取文件'/home/HL/.vscode-oss/extensions/idleberg.icon-fonts-2.5.4-universal/snippets/jsx/geomicon.json' (Error: 无法解析不存在的文件 '/home/HL/.vscode-oss/extensions/idleberg.icon-fonts-2.5.4-universal/snippets/jsx/geomicon.json')
    at Pnt.F (vscode-file://vscode-app/usr/lib/code/out/vs/workbench/workbench.desktop.main.js:3088:69694)
    at Pnt.D (vscode-file://vscode-app/usr/lib/code/out/vs/workbench/workbench.desktop.main.js:3088:69519)
    at async Pnt.C (vscode-file://vscode-app/usr/lib/code/out/vs/workbench/workbench.desktop.main.js:3088:68887)
    at async Wrt.readExtensionResource (vscode-file://vscode-app/usr/lib/code/out/vs/workbench/workbench.desktop.main.js:3114:2109)
    at async Promise.all (index 96)
    at async LPe.getSnippets (vscode-file://vscode-app/usr/lib/code/out/vs/workbench/workbench.desktop.main.js:494:20141)
    at async _si (vscode-file://vscode-app/usr/lib/code/out/vs/workbench/workbench.desktop.main.js:2579:3936)
    at async Ett.provideCodeActions (vscode-file://vscode-app/usr/lib/code/out/vs/workbench/workbench.desktop.main.js:2579:4931)
    at async vscode-file://vscode-app/usr/lib/code/out/vs/workbench/workbench.desktop.main.js:411:65726
    at async Promise.all (index 2) file:///home/HL/.vscode-oss/extensions/idleberg.icon-fonts-2.5.4-universal/snippets/jsx/geomicon.json
2024-11-14 17:28:50.918 [error] Error: 无法读取文件'/home/HL/.vscode-oss/extensions/idleberg.icon-fonts-2.5.4-universal/snippets/css/fi.json' (Error: 无法解析不存在的文件 '/home/HL/.vscode-oss/extensions/idleberg.icon-fonts-2.5.4-universal/snippets/css/fi.json')
    at Pnt.F (vscode-file://vscode-app/usr/lib/code/out/vs/workbench/workbench.desktop.main.js:3088:69694)
    at Pnt.D (vscode-file://vscode-app/usr/lib/code/out/vs/workbench/workbench.desktop.main.js:3088:69519)
    at async Pnt.C (vscode-file://vscode-app/usr/lib/code/out/vs/workbench/workbench.desktop.main.js:3088:68887)
    at async Wrt.readExtensionResource (vscode-file://vscode-app/usr/lib/code/out/vs/workbench/workbench.desktop.main.js:3114:2109)
    at async Promise.all (index 43)
    at async LPe.getSnippets (vscode-file://vscode-app/usr/lib/code/out/vs/workbench/workbench.desktop.main.js:494:20141)
    at async _si (vscode-file://vscode-app/usr/lib/code/out/vs/workbench/workbench.desktop.main.js:2579:3936)
    at async Ett.provideCodeActions (vscode-file://vscode-app/usr/lib/code/out/vs/workbench/workbench.desktop.main.js:2579:4931)
    at async vscode-file://vscode-app/usr/lib/code/out/vs/workbench/workbench.desktop.main.js:411:65726
    at async Promise.all (index 2) file:///home/HL/.vscode-oss/extensions/idleberg.icon-fonts-2.5.4-universal/snippets/css/fi.json
2024-11-14 17:28:50.919 [error] Error: 无法读取文件'/home/HL/.vscode-oss/extensions/idleberg.icon-fonts-2.5.4-universal/snippets/html/fi.json' (Error: 无法解析不存在的文件 '/home/HL/.vscode-oss/extensions/idleberg.icon-fonts-2.5.4-universal/snippets/html/fi.json')
    at Pnt.F (vscode-file://vscode-app/usr/lib/code/out/vs/workbench/workbench.desktop.main.js:3088:69694)
    at Pnt.D (vscode-file://vscode-app/usr/lib/code/out/vs/workbench/workbench.desktop.main.js:3088:69519)
    at async Pnt.C (vscode-file://vscode-app/usr/lib/code/out/vs/workbench/workbench.desktop.main.js:3088:68887)
    at async Wrt.readExtensionResource (vscode-file://vscode-app/usr/lib/code/out/vs/workbench/workbench.desktop.main.js:3114:2109)
    at async Promise.all (index 67)
    at async LPe.getSnippets (vscode-file://vscode-app/usr/lib/code/out/vs/workbench/workbench.desktop.main.js:494:20141)
    at async _si (vscode-file://vscode-app/usr/lib/code/out/vs/workbench/workbench.desktop.main.js:2579:3936)
    at async Ett.provideCodeActions (vscode-file://vscode-app/usr/lib/code/out/vs/workbench/workbench.desktop.main.js:2579:4931)
    at async vscode-file://vscode-app/usr/lib/code/out/vs/workbench/workbench.desktop.main.js:411:65726
    at async Promise.all (index 2) file:///home/HL/.vscode-oss/extensions/idleberg.icon-fonts-2.5.4-universal/snippets/html/fi.json
2024-11-14 17:28:50.919 [error] Error: 无法读取文件'/home/HL/.vscode-oss/extensions/idleberg.icon-fonts-2.5.4-universal/snippets/jsx/fi.json' (Error: 无法解析不存在的文件 '/home/HL/.vscode-oss/extensions/idleberg.icon-fonts-2.5.4-universal/snippets/jsx/fi.json')
    at Pnt.F (vscode-file://vscode-app/usr/lib/code/out/vs/workbench/workbench.desktop.main.js:3088:69694)
    at Pnt.D (vscode-file://vscode-app/usr/lib/code/out/vs/workbench/workbench.desktop.main.js:3088:69519)
    at async Pnt.C (vscode-file://vscode-app/usr/lib/code/out/vs/workbench/workbench.desktop.main.js:3088:68887)
    at async Wrt.readExtensionResource (vscode-file://vscode-app/usr/lib/code/out/vs/workbench/workbench.desktop.main.js:3114:2109)
    at async Promise.all (index 94)
    at async LPe.getSnippets (vscode-file://vscode-app/usr/lib/code/out/vs/workbench/workbench.desktop.main.js:494:20141)
    at async _si (vscode-file://vscode-app/usr/lib/code/out/vs/workbench/workbench.desktop.main.js:2579:3936)
    at async Ett.provideCodeActions (vscode-file://vscode-app/usr/lib/code/out/vs/workbench/workbench.desktop.main.js:2579:4931)
    at async vscode-file://vscode-app/usr/lib/code/out/vs/workbench/workbench.desktop.main.js:411:65726
    at async Promise.all (index 2) file:///home/HL/.vscode-oss/extensions/idleberg.icon-fonts-2.5.4-universal/snippets/jsx/fi.json
2024-11-14 17:28:50.920 [error] Error: 无法读取文件'/home/HL/.vscode-oss/extensions/idleberg.icon-fonts-2.5.4-universal/snippets/jsx/geomicon.json' (Error: 无法解析不存在的文件 '/home/HL/.vscode-oss/extensions/idleberg.icon-fonts-2.5.4-universal/snippets/jsx/geomicon.json')
    at Pnt.F (vscode-file://vscode-app/usr/lib/code/out/vs/workbench/workbench.desktop.main.js:3088:69694)
    at Pnt.D (vscode-file://vscode-app/usr/lib/code/out/vs/workbench/workbench.desktop.main.js:3088:69519)
    at async Pnt.C (vscode-file://vscode-app/usr/lib/code/out/vs/workbench/workbench.desktop.main.js:3088:68887)
    at async Wrt.readExtensionResource (vscode-file://vscode-app/usr/lib/code/out/vs/workbench/workbench.desktop.main.js:3114:2109)
    at async Promise.all (index 96)
    at async LPe.getSnippets (vscode-file://vscode-app/usr/lib/code/out/vs/workbench/workbench.desktop.main.js:494:20141)
    at async _si (vscode-file://vscode-app/usr/lib/code/out/vs/workbench/workbench.desktop.main.js:2579:3936)
    at async Ett.provideCodeActions (vscode-file://vscode-app/usr/lib/code/out/vs/workbench/workbench.desktop.main.js:2579:4931)
    at async vscode-file://vscode-app/usr/lib/code/out/vs/workbench/workbench.desktop.main.js:411:65726
    at async Promise.all (index 2) file:///home/HL/.vscode-oss/extensions/idleberg.icon-fonts-2.5.4-universal/snippets/jsx/geomicon.json
