11月 14, 2024 11:26:23 上午 org.apache.aries.spifly.BaseActivator log
信息: Registered provider ch.qos.logback.classic.servlet.LogbackServletContainerInitializer of service jakarta.servlet.ServletContainerInitializer in bundle ch.qos.logback.classic
11月 14, 2024 11:26:23 上午 org.apache.aries.spifly.BaseActivator log
信息: Registered provider ch.qos.logback.classic.spi.LogbackServiceProvider of service org.slf4j.spi.SLF4JServiceProvider in bundle ch.qos.logback.classic
11月 14, 2024 11:26:27 上午 com.microsoft.java.debug.plugin.internal.JavaDebuggerServerPlugin start
信息: Starting com.microsoft.java.debug.plugin
11月 14, 2024 11:47:39 上午 org.eclipse.lsp4j.jsonrpc.RemoteEndpoint handleCancellation
警告: Unmatched cancel notification for request id 491
11月 14, 2024 11:47:50 上午 org.eclipse.lsp4j.jsonrpc.RemoteEndpoint handleCancellation
警告: Unmatched cancel notification for request id 647
11月 14, 2024 11:47:50 上午 org.eclipse.lsp4j.jsonrpc.RemoteEndpoint handleCancellation
警告: Unmatched cancel notification for request id 653
11月 14, 2024 11:47:50 上午 org.eclipse.lsp4j.jsonrpc.RemoteEndpoint handleCancellation
警告: Unmatched cancel notification for request id 654
11月 14, 2024 11:47:51 上午 org.eclipse.lsp4j.jsonrpc.RemoteEndpoint handleCancellation
警告: Unmatched cancel notification for request id 658
11月 14, 2024 11:47:51 上午 org.eclipse.lsp4j.jsonrpc.RemoteEndpoint handleCancellation
警告: Unmatched cancel notification for request id 659
11月 14, 2024 11:48:42 上午 org.eclipse.lsp4j.jsonrpc.RemoteEndpoint handleCancellation
警告: Unmatched cancel notification for request id 1292
11月 14, 2024 11:49:18 上午 org.eclipse.lsp4j.jsonrpc.RemoteEndpoint handleCancellation
警告: Unmatched cancel notification for request id 1714
11月 14, 2024 11:49:18 上午 org.eclipse.lsp4j.jsonrpc.RemoteEndpoint handleCancellation
警告: Unmatched cancel notification for request id 1715
11月 14, 2024 11:49:23 上午 org.eclipse.lsp4j.jsonrpc.RemoteEndpoint handleCancellation
警告: Unmatched cancel notification for request id 1807
11月 14, 2024 11:49:24 上午 org.eclipse.lsp4j.jsonrpc.RemoteEndpoint handleCancellation
警告: Unmatched cancel notification for request id 1816
11月 14, 2024 11:49:24 上午 org.eclipse.lsp4j.jsonrpc.RemoteEndpoint handleCancellation
警告: Unmatched cancel notification for request id 1820
11月 14, 2024 11:49:24 上午 org.eclipse.lsp4j.jsonrpc.RemoteEndpoint handleCancellation
警告: Unmatched cancel notification for request id 1826
11月 14, 2024 11:51:32 上午 org.eclipse.lsp4j.jsonrpc.RemoteEndpoint handleCancellation
警告: Unmatched cancel notification for request id 2259
11月 14, 2024 11:53:01 上午 org.eclipse.lsp4j.jsonrpc.RemoteEndpoint handleCancellation
警告: Unmatched cancel notification for request id 3060
11月 14, 2024 11:54:15 上午 org.eclipse.lsp4j.jsonrpc.RemoteEndpoint handleCancellation
警告: Unmatched cancel notification for request id 3287
11月 14, 2024 11:54:16 上午 org.eclipse.lsp4j.jsonrpc.RemoteEndpoint handleCancellation
警告: Unmatched cancel notification for request id 3289
11月 14, 2024 11:54:16 上午 org.eclipse.lsp4j.jsonrpc.RemoteEndpoint handleCancellation
警告: Unmatched cancel notification for request id 3288
11月 14, 2024 11:54:16 上午 org.eclipse.lsp4j.jsonrpc.RemoteEndpoint handleCancellation
警告: Unmatched cancel notification for request id 3293
11月 14, 2024 11:54:16 上午 org.eclipse.lsp4j.jsonrpc.RemoteEndpoint handleCancellation
警告: Unmatched cancel notification for request id 3295
11月 14, 2024 11:54:16 上午 org.eclipse.lsp4j.jsonrpc.RemoteEndpoint handleCancellation
警告: Unmatched cancel notification for request id 3296
11月 14, 2024 11:54:16 上午 org.eclipse.lsp4j.jsonrpc.RemoteEndpoint handleCancellation
警告: Unmatched cancel notification for request id 3297
11月 14, 2024 11:54:16 上午 org.eclipse.lsp4j.jsonrpc.RemoteEndpoint handleCancellation
警告: Unmatched cancel notification for request id 3300
11月 14, 2024 11:54:16 上午 org.eclipse.lsp4j.jsonrpc.RemoteEndpoint handleCancellation
警告: Unmatched cancel notification for request id 3298
11月 14, 2024 11:54:16 上午 org.eclipse.lsp4j.jsonrpc.RemoteEndpoint handleCancellation
警告: Unmatched cancel notification for request id 3299
11月 14, 2024 11:54:16 上午 org.eclipse.lsp4j.jsonrpc.RemoteEndpoint handleCancellation
警告: Unmatched cancel notification for request id 3307
11月 14, 2024 11:54:16 上午 org.eclipse.lsp4j.jsonrpc.RemoteEndpoint handleCancellation
警告: Unmatched cancel notification for request id 3302
11月 14, 2024 11:54:17 上午 org.eclipse.lsp4j.jsonrpc.RemoteEndpoint handleCancellation
警告: Unmatched cancel notification for request id 3323
11月 14, 2024 11:54:23 上午 org.eclipse.lsp4j.jsonrpc.RemoteEndpoint handleCancellation
警告: Unmatched cancel notification for request id 3433
11月 14, 2024 11:56:15 上午 org.eclipse.lsp4j.jsonrpc.RemoteEndpoint handleCancellation
警告: Unmatched cancel notification for request id 3926
[Error - 11:56:48] 2024年11月14日 上午11:56:48 Problem resolving refactor code actions
isPalindrome(String) [in checkString [in [Working copy] checkString.java [in <default> [in _ [in Javalab_afe0a12a]]]]] does not exist
Java Model Exception: Error in Java Model (code 969): isPalindrome(String) [in checkString [in [Working copy] checkString.java [in <default> [in _ [in Javalab_afe0a12a]]]]] does not exist
	at org.eclipse.jdt.internal.core.JavaElement.newNotPresentException(JavaElement.java:546)
	at org.eclipse.jdt.internal.core.JavaElement.openWhenClosed(JavaElement.java:589)
	at org.eclipse.jdt.internal.core.JavaElement.getElementInfo(JavaElement.java:292)
	at org.eclipse.jdt.internal.core.JavaElement.getElementInfo(JavaElement.java:278)
	at org.eclipse.jdt.internal.core.Member.getFlags(Member.java:193)
	at org.eclipse.jdt.internal.corext.util.JdtFlags.isPrivate(JdtFlags.java:157)
	at org.eclipse.jdt.internal.corext.refactoring.rename.MethodChecks.isVirtual(MethodChecks.java:58)
	at org.eclipse.jdt.internal.corext.refactoring.rename.MethodChecks.isDeclaredInInterface(MethodChecks.java:106)
	at org.eclipse.jdt.internal.corext.refactoring.structure.ChangeSignatureProcessor.checkInitialConditions(ChangeSignatureProcessor.java:738)
	at org.eclipse.jdt.internal.corext.refactoring.code.IntroduceParameterRefactoring.checkInitialConditions(IntroduceParameterRefactoring.java:220)
	at org.eclipse.jdt.ls.core.internal.text.correction.RefactorProposalUtility.getIntroduceParameterRefactoringProposals(RefactorProposalUtility.java:925)
	at org.eclipse.jdt.ls.core.internal.corrections.RefactorProcessor.getIntroduceParameterProposals(RefactorProcessor.java:172)
	at org.eclipse.jdt.ls.core.internal.corrections.RefactorProcessor.getProposals(RefactorProcessor.java:158)
	at org.eclipse.jdt.ls.core.internal.handlers.CodeActionHandler.getCodeActionCommands(CodeActionHandler.java:205)
	at org.eclipse.jdt.ls.core.internal.handlers.JDTLanguageServer.lambda$14(JDTLanguageServer.java:758)
	at org.eclipse.jdt.ls.core.internal.BaseJDTLanguageServer.lambda$0(BaseJDTLanguageServer.java:87)
	at java.base/java.util.concurrent.CompletableFuture$UniApply.tryFire(Unknown Source)
	at java.base/java.util.concurrent.CompletableFuture$Completion.exec(Unknown Source)
	at java.base/java.util.concurrent.ForkJoinTask.doExec(Unknown Source)
	at java.base/java.util.concurrent.ForkJoinPool$WorkQueue.topLevelExec(Unknown Source)
	at java.base/java.util.concurrent.ForkJoinPool.scan(Unknown Source)
	at java.base/java.util.concurrent.ForkJoinPool.runWorker(Unknown Source)
	at java.base/java.util.concurrent.ForkJoinWorkerThread.run(Unknown Source)

11月 14, 2024 11:57:06 上午 com.microsoft.java.debug.core.UsageDataSession recordInfo
信息: launch debug info
11月 14, 2024 11:57:08 上午 com.microsoft.java.debug.core.UsageDataSession recordResponse
警告: abnormal response
11月 14, 2024 11:57:12 上午 com.microsoft.java.debug.core.UsageDataSession submitUsageData
信息: session usage data summary
11月 14, 2024 12:03:30 下午 org.eclipse.lsp4j.jsonrpc.RemoteEndpoint handleCancellation
警告: Unmatched cancel notification for request id 4558
11月 14, 2024 12:03:57 下午 org.eclipse.lsp4j.jsonrpc.RemoteEndpoint handleCancellation
警告: Unmatched cancel notification for request id 4776
11月 14, 2024 12:04:23 下午 org.eclipse.lsp4j.jsonrpc.RemoteEndpoint handleCancellation
警告: Unmatched cancel notification for request id 5101
11月 14, 2024 12:04:24 下午 org.eclipse.lsp4j.jsonrpc.RemoteEndpoint handleCancellation
警告: Unmatched cancel notification for request id 5102
11月 14, 2024 12:04:24 下午 org.eclipse.lsp4j.jsonrpc.RemoteEndpoint handleCancellation
警告: Unmatched cancel notification for request id 5103
11月 14, 2024 12:04:24 下午 org.eclipse.lsp4j.jsonrpc.RemoteEndpoint handleCancellation
警告: Unmatched cancel notification for request id 5105
11月 14, 2024 12:04:24 下午 org.eclipse.lsp4j.jsonrpc.RemoteEndpoint handleCancellation
警告: Unmatched cancel notification for request id 5108
11月 14, 2024 12:04:24 下午 org.eclipse.lsp4j.jsonrpc.RemoteEndpoint handleCancellation
警告: Unmatched cancel notification for request id 5107
11月 14, 2024 12:04:31 下午 org.eclipse.lsp4j.jsonrpc.RemoteEndpoint handleCancellation
警告: Unmatched cancel notification for request id 5188
11月 14, 2024 12:04:32 下午 org.eclipse.lsp4j.jsonrpc.RemoteEndpoint handleCancellation
警告: Unmatched cancel notification for request id 5191
11月 14, 2024 12:04:32 下午 org.eclipse.lsp4j.jsonrpc.RemoteEndpoint handleCancellation
警告: Unmatched cancel notification for request id 5189
11月 14, 2024 12:04:32 下午 org.eclipse.lsp4j.jsonrpc.RemoteEndpoint handleCancellation
警告: Unmatched cancel notification for request id 5194
11月 14, 2024 12:04:32 下午 org.eclipse.lsp4j.jsonrpc.RemoteEndpoint handleCancellation
警告: Unmatched cancel notification for request id 5195
11月 14, 2024 12:04:49 下午 org.eclipse.lsp4j.jsonrpc.RemoteEndpoint handleCancellation
警告: Unmatched cancel notification for request id 5371
11月 14, 2024 12:06:50 下午 org.eclipse.lsp4j.jsonrpc.RemoteEndpoint handleCancellation
警告: Unmatched cancel notification for request id 5686
11月 14, 2024 12:08:12 下午 org.eclipse.lsp4j.jsonrpc.RemoteEndpoint handleCancellation
警告: Unmatched cancel notification for request id 5994
11月 14, 2024 12:08:13 下午 org.eclipse.lsp4j.jsonrpc.RemoteEndpoint handleCancellation
警告: Unmatched cancel notification for request id 5995
11月 14, 2024 12:08:13 下午 org.eclipse.lsp4j.jsonrpc.RemoteEndpoint handleCancellation
警告: Unmatched cancel notification for request id 5996
11月 14, 2024 12:08:13 下午 org.eclipse.lsp4j.jsonrpc.RemoteEndpoint handleCancellation
警告: Unmatched cancel notification for request id 5997
11月 14, 2024 12:08:13 下午 org.eclipse.lsp4j.jsonrpc.RemoteEndpoint handleCancellation
警告: Unmatched cancel notification for request id 5999
11月 14, 2024 12:08:13 下午 org.eclipse.lsp4j.jsonrpc.RemoteEndpoint fallbackResponseError
严重: Internal error: java.lang.IllegalStateException: Invalid completion proposal
java.util.concurrent.CompletionException: java.lang.IllegalStateException: Invalid completion proposal
	at java.base/java.util.concurrent.CompletableFuture.encodeThrowable(Unknown Source)
	at java.base/java.util.concurrent.CompletableFuture.uniAcceptNow(Unknown Source)
	at java.base/java.util.concurrent.CompletableFuture.uniAcceptStage(Unknown Source)
	at java.base/java.util.concurrent.CompletableFuture.thenAccept(Unknown Source)
	at org.eclipse.lsp4j.jsonrpc.RemoteEndpoint.handleRequest(RemoteEndpoint.java:288)
	at org.eclipse.lsp4j.jsonrpc.RemoteEndpoint.consume(RemoteEndpoint.java:201)
	at org.eclipse.jdt.ls.core.internal.ParentProcessWatcher.lambda$1(ParentProcessWatcher.java:144)
	at org.eclipse.lsp4j.jsonrpc.json.StreamMessageProducer.handleMessage(StreamMessageProducer.java:185)
	at org.eclipse.lsp4j.jsonrpc.json.StreamMessageProducer.listen(StreamMessageProducer.java:97)
	at org.eclipse.lsp4j.jsonrpc.json.ConcurrentMessageProcessor.run(ConcurrentMessageProcessor.java:114)
	at java.base/java.util.concurrent.Executors$RunnableAdapter.call(Unknown Source)
	at java.base/java.util.concurrent.FutureTask.run(Unknown Source)
	at java.base/java.util.concurrent.ThreadPoolExecutor.runWorker(Unknown Source)
	at java.base/java.util.concurrent.ThreadPoolExecutor$Worker.run(Unknown Source)
	at java.base/java.lang.Thread.run(Unknown Source)
Caused by: java.lang.IllegalStateException: Invalid completion proposal
	at org.eclipse.jdt.ls.core.internal.handlers.CompletionResolveHandler.resolve(CompletionResolveHandler.java:106)
	at org.eclipse.jdt.ls.core.internal.handlers.JDTLanguageServer.resolveCompletionItem(JDTLanguageServer.java:645)
	at jdk.internal.reflect.GeneratedMethodAccessor33.invoke(Unknown Source)
	at java.base/jdk.internal.reflect.DelegatingMethodAccessorImpl.invoke(Unknown Source)
	at java.base/java.lang.reflect.Method.invoke(Unknown Source)
	at org.eclipse.lsp4j.jsonrpc.services.GenericEndpoint.lambda$recursiveFindRpcMethods$0(GenericEndpoint.java:65)
	at org.eclipse.lsp4j.jsonrpc.services.GenericEndpoint.request(GenericEndpoint.java:128)
	at org.eclipse.lsp4j.jsonrpc.RemoteEndpoint.handleRequest(RemoteEndpoint.java:271)
	... 10 more

[Error - 12:08:13] Request completionItem/resolve failed.
  Message: Internal error.
  Code: -32603 
java.util.concurrent.CompletionException: java.lang.IllegalStateException: Invalid completion proposal
	at java.base/java.util.concurrent.CompletableFuture.encodeThrowable(Unknown Source)
	at java.base/java.util.concurrent.CompletableFuture.uniAcceptNow(Unknown Source)
	at java.base/java.util.concurrent.CompletableFuture.uniAcceptStage(Unknown Source)
	at java.base/java.util.concurrent.CompletableFuture.thenAccept(Unknown Source)
	at org.eclipse.lsp4j.jsonrpc.RemoteEndpoint.handleRequest(RemoteEndpoint.java:288)
	at org.eclipse.lsp4j.jsonrpc.RemoteEndpoint.consume(RemoteEndpoint.java:201)
	at org.eclipse.jdt.ls.core.internal.ParentProcessWatcher.lambda$1(ParentProcessWatcher.java:144)
	at org.eclipse.lsp4j.jsonrpc.json.StreamMessageProducer.handleMessage(StreamMessageProducer.java:185)
	at org.eclipse.lsp4j.jsonrpc.json.StreamMessageProducer.listen(StreamMessageProducer.java:97)
	at org.eclipse.lsp4j.jsonrpc.json.ConcurrentMessageProcessor.run(ConcurrentMessageProcessor.java:114)
	at java.base/java.util.concurrent.Executors$RunnableAdapter.call(Unknown Source)
	at java.base/java.util.concurrent.FutureTask.run(Unknown Source)
	at java.base/java.util.concurrent.ThreadPoolExecutor.runWorker(Unknown Source)
	at java.base/java.util.concurrent.ThreadPoolExecutor$Worker.run(Unknown Source)
	at java.base/java.lang.Thread.run(Unknown Source)
Caused by: java.lang.IllegalStateException: Invalid completion proposal
	at org.eclipse.jdt.ls.core.internal.handlers.CompletionResolveHandler.resolve(CompletionResolveHandler.java:106)
	at org.eclipse.jdt.ls.core.internal.handlers.JDTLanguageServer.resolveCompletionItem(JDTLanguageServer.java:645)
	at jdk.internal.reflect.GeneratedMethodAccessor33.invoke(Unknown Source)
	at java.base/jdk.internal.reflect.DelegatingMethodAccessorImpl.invoke(Unknown Source)
	at java.base/java.lang.reflect.Method.invoke(Unknown Source)
	at org.eclipse.lsp4j.jsonrpc.services.GenericEndpoint.lambda$recursiveFindRpcMethods$0(GenericEndpoint.java:65)
	at org.eclipse.lsp4j.jsonrpc.services.GenericEndpoint.request(GenericEndpoint.java:128)
	at org.eclipse.lsp4j.jsonrpc.RemoteEndpoint.handleRequest(RemoteEndpoint.java:271)
	... 10 more

11月 14, 2024 12:09:18 下午 org.eclipse.lsp4j.jsonrpc.RemoteEndpoint handleCancellation
警告: Unmatched cancel notification for request id 6496
11月 14, 2024 12:09:18 下午 org.eclipse.lsp4j.jsonrpc.RemoteEndpoint handleCancellation
警告: Unmatched cancel notification for request id 6495
11月 14, 2024 12:10:14 下午 org.eclipse.lsp4j.jsonrpc.RemoteEndpoint handleCancellation
警告: Unmatched cancel notification for request id 7085
11月 14, 2024 12:11:29 下午 org.eclipse.lsp4j.jsonrpc.RemoteEndpoint handleCancellation
警告: Unmatched cancel notification for request id 7326
11月 14, 2024 12:11:30 下午 org.eclipse.lsp4j.jsonrpc.RemoteEndpoint handleCancellation
警告: Unmatched cancel notification for request id 7327
11月 14, 2024 12:11:30 下午 org.eclipse.lsp4j.jsonrpc.RemoteEndpoint handleCancellation
警告: Unmatched cancel notification for request id 7328
11月 14, 2024 12:11:30 下午 org.eclipse.lsp4j.jsonrpc.RemoteEndpoint handleCancellation
警告: Unmatched cancel notification for request id 7329
11月 14, 2024 12:11:30 下午 org.eclipse.lsp4j.jsonrpc.RemoteEndpoint handleCancellation
警告: Unmatched cancel notification for request id 7333
11月 14, 2024 12:11:30 下午 org.eclipse.lsp4j.jsonrpc.RemoteEndpoint handleCancellation
警告: Unmatched cancel notification for request id 7338
11月 14, 2024 12:11:30 下午 org.eclipse.lsp4j.jsonrpc.RemoteEndpoint handleCancellation
警告: Unmatched cancel notification for request id 7341
11月 14, 2024 12:11:30 下午 org.eclipse.lsp4j.jsonrpc.RemoteEndpoint handleCancellation
警告: Unmatched cancel notification for request id 7344
11月 14, 2024 12:12:42 下午 org.eclipse.lsp4j.jsonrpc.RemoteEndpoint handleCancellation
警告: Unmatched cancel notification for request id 7661
11月 14, 2024 12:12:42 下午 org.eclipse.lsp4j.jsonrpc.RemoteEndpoint handleCancellation
警告: Unmatched cancel notification for request id 7662
11月 14, 2024 12:12:42 下午 org.eclipse.lsp4j.jsonrpc.RemoteEndpoint handleCancellation
警告: Unmatched cancel notification for request id 7665
11月 14, 2024 12:12:42 下午 org.eclipse.lsp4j.jsonrpc.RemoteEndpoint handleCancellation
警告: Unmatched cancel notification for request id 7671
11月 14, 2024 12:12:43 下午 org.eclipse.lsp4j.jsonrpc.RemoteEndpoint handleCancellation
警告: Unmatched cancel notification for request id 7682
11月 14, 2024 12:12:43 下午 org.eclipse.lsp4j.jsonrpc.RemoteEndpoint handleCancellation
警告: Unmatched cancel notification for request id 7688
11月 14, 2024 12:12:44 下午 org.eclipse.lsp4j.jsonrpc.RemoteEndpoint handleCancellation
警告: Unmatched cancel notification for request id 7692
11月 14, 2024 12:12:44 下午 org.eclipse.lsp4j.jsonrpc.RemoteEndpoint handleCancellation
警告: Unmatched cancel notification for request id 7693
11月 14, 2024 12:12:44 下午 org.eclipse.lsp4j.jsonrpc.RemoteEndpoint handleCancellation
警告: Unmatched cancel notification for request id 7694
11月 14, 2024 12:12:44 下午 org.eclipse.lsp4j.jsonrpc.RemoteEndpoint handleCancellation
警告: Unmatched cancel notification for request id 7695
11月 14, 2024 12:12:44 下午 org.eclipse.lsp4j.jsonrpc.RemoteEndpoint handleCancellation
警告: Unmatched cancel notification for request id 7698
11月 14, 2024 12:12:44 下午 org.eclipse.lsp4j.jsonrpc.RemoteEndpoint handleCancellation
警告: Unmatched cancel notification for request id 7697
11月 14, 2024 12:12:44 下午 org.eclipse.lsp4j.jsonrpc.RemoteEndpoint handleCancellation
警告: Unmatched cancel notification for request id 7700
11月 14, 2024 12:12:45 下午 org.eclipse.lsp4j.jsonrpc.RemoteEndpoint handleCancellation
警告: Unmatched cancel notification for request id 7701
11月 14, 2024 12:12:45 下午 org.eclipse.lsp4j.jsonrpc.RemoteEndpoint handleCancellation
警告: Unmatched cancel notification for request id 7702
11月 14, 2024 12:12:45 下午 org.eclipse.lsp4j.jsonrpc.RemoteEndpoint handleCancellation
警告: Unmatched cancel notification for request id 7705
11月 14, 2024 12:12:45 下午 org.eclipse.lsp4j.jsonrpc.RemoteEndpoint handleCancellation
警告: Unmatched cancel notification for request id 7703
11月 14, 2024 12:12:45 下午 org.eclipse.lsp4j.jsonrpc.RemoteEndpoint handleCancellation
警告: Unmatched cancel notification for request id 7710
11月 14, 2024 12:12:45 下午 org.eclipse.lsp4j.jsonrpc.RemoteEndpoint handleCancellation
警告: Unmatched cancel notification for request id 7707
[Error - 12:12:45] 2024年11月14日 下午12:12:45 Problems occurred when invoking code from plug-in: "org.eclipse.jdt.ls.core".
Cannot get completion responses.
org.eclipse.core.runtime.CoreException: Cannot get completion responses.
	at org.eclipse.jdt.ls.core.internal.ExceptionFactory.newException(ExceptionFactory.java:28)
	at org.eclipse.jdt.ls.core.internal.handlers.CompletionHandler.onDidCompletionItemSelect(CompletionHandler.java:185)
	at org.eclipse.jdt.ls.core.internal.JDTDelegateCommandHandler.executeCommand(JDTDelegateCommandHandler.java:198)
	at org.eclipse.jdt.ls.core.internal.handlers.WorkspaceExecuteCommandHandler$1.run(WorkspaceExecuteCommandHandler.java:230)
	at org.eclipse.core.runtime.SafeRunner.run(SafeRunner.java:47)
	at org.eclipse.jdt.ls.core.internal.handlers.WorkspaceExecuteCommandHandler.executeCommand(WorkspaceExecuteCommandHandler.java:220)
	at org.eclipse.jdt.ls.core.internal.handlers.JDTLanguageServer.lambda$4(JDTLanguageServer.java:609)
	at org.eclipse.jdt.ls.core.internal.BaseJDTLanguageServer.lambda$0(BaseJDTLanguageServer.java:87)
	at java.base/java.util.concurrent.CompletableFuture$UniApply.tryFire(Unknown Source)
	at java.base/java.util.concurrent.CompletableFuture$Completion.exec(Unknown Source)
	at java.base/java.util.concurrent.ForkJoinTask.doExec(Unknown Source)
	at java.base/java.util.concurrent.ForkJoinPool$WorkQueue.topLevelExec(Unknown Source)
	at java.base/java.util.concurrent.ForkJoinPool.scan(Unknown Source)
	at java.base/java.util.concurrent.ForkJoinPool.runWorker(Unknown Source)
	at java.base/java.util.concurrent.ForkJoinWorkerThread.run(Unknown Source)

[Error - 12:12:45] 2024年11月14日 下午12:12:45 Error in calling delegate command handler
Cannot get completion responses.
org.eclipse.core.runtime.CoreException: Cannot get completion responses.
	at org.eclipse.jdt.ls.core.internal.ExceptionFactory.newException(ExceptionFactory.java:28)
	at org.eclipse.jdt.ls.core.internal.handlers.CompletionHandler.onDidCompletionItemSelect(CompletionHandler.java:185)
	at org.eclipse.jdt.ls.core.internal.JDTDelegateCommandHandler.executeCommand(JDTDelegateCommandHandler.java:198)
	at org.eclipse.jdt.ls.core.internal.handlers.WorkspaceExecuteCommandHandler$1.run(WorkspaceExecuteCommandHandler.java:230)
	at org.eclipse.core.runtime.SafeRunner.run(SafeRunner.java:47)
	at org.eclipse.jdt.ls.core.internal.handlers.WorkspaceExecuteCommandHandler.executeCommand(WorkspaceExecuteCommandHandler.java:220)
	at org.eclipse.jdt.ls.core.internal.handlers.JDTLanguageServer.lambda$4(JDTLanguageServer.java:609)
	at org.eclipse.jdt.ls.core.internal.BaseJDTLanguageServer.lambda$0(BaseJDTLanguageServer.java:87)
	at java.base/java.util.concurrent.CompletableFuture$UniApply.tryFire(Unknown Source)
	at java.base/java.util.concurrent.CompletableFuture$Completion.exec(Unknown Source)
	at java.base/java.util.concurrent.ForkJoinTask.doExec(Unknown Source)
	at java.base/java.util.concurrent.ForkJoinPool$WorkQueue.topLevelExec(Unknown Source)
	at java.base/java.util.concurrent.ForkJoinPool.scan(Unknown Source)
	at java.base/java.util.concurrent.ForkJoinPool.runWorker(Unknown Source)
	at java.base/java.util.concurrent.ForkJoinWorkerThread.run(Unknown Source)

[Error - 12:12:45] Request workspace/executeCommand failed.
  Message: Cannot get completion responses.
  Code: -32001 
[object Object]
11月 14, 2024 12:12:52 下午 org.eclipse.lsp4j.jsonrpc.RemoteEndpoint handleCancellation
警告: Unmatched cancel notification for request id 7808
11月 14, 2024 12:12:52 下午 org.eclipse.lsp4j.jsonrpc.RemoteEndpoint handleCancellation
警告: Unmatched cancel notification for request id 7810
11月 14, 2024 12:12:52 下午 org.eclipse.lsp4j.jsonrpc.RemoteEndpoint handleCancellation
警告: Unmatched cancel notification for request id 7809
11月 14, 2024 12:12:56 下午 org.eclipse.lsp4j.jsonrpc.RemoteEndpoint handleCancellation
警告: Unmatched cancel notification for request id 7863
11月 14, 2024 12:13:22 下午 org.eclipse.lsp4j.jsonrpc.RemoteEndpoint handleCancellation
警告: Unmatched cancel notification for request id 8078
11月 14, 2024 12:13:22 下午 org.eclipse.lsp4j.jsonrpc.RemoteEndpoint handleCancellation
警告: Unmatched cancel notification for request id 8079
11月 14, 2024 12:13:22 下午 org.eclipse.lsp4j.jsonrpc.RemoteEndpoint handleCancellation
警告: Unmatched cancel notification for request id 8081
11月 14, 2024 12:13:22 下午 org.eclipse.lsp4j.jsonrpc.RemoteEndpoint handleCancellation
警告: Unmatched cancel notification for request id 8082
11月 14, 2024 12:13:22 下午 org.eclipse.lsp4j.jsonrpc.RemoteEndpoint handleCancellation
警告: Unmatched cancel notification for request id 8083
11月 14, 2024 12:13:40 下午 org.eclipse.lsp4j.jsonrpc.RemoteEndpoint handleCancellation
警告: Unmatched cancel notification for request id 8229
11月 14, 2024 12:13:43 下午 org.eclipse.lsp4j.jsonrpc.RemoteEndpoint handleCancellation
警告: Unmatched cancel notification for request id 8252
11月 14, 2024 12:13:43 下午 org.eclipse.lsp4j.jsonrpc.RemoteEndpoint handleCancellation
警告: Unmatched cancel notification for request id 8253
11月 14, 2024 12:13:44 下午 org.eclipse.lsp4j.jsonrpc.RemoteEndpoint handleCancellation
警告: Unmatched cancel notification for request id 8254
11月 14, 2024 12:13:44 下午 org.eclipse.lsp4j.jsonrpc.RemoteEndpoint handleCancellation
警告: Unmatched cancel notification for request id 8256
11月 14, 2024 12:13:44 下午 org.eclipse.lsp4j.jsonrpc.RemoteEndpoint handleCancellation
警告: Unmatched cancel notification for request id 8258
11月 14, 2024 12:13:44 下午 org.eclipse.lsp4j.jsonrpc.RemoteEndpoint handleCancellation
警告: Unmatched cancel notification for request id 8260
11月 14, 2024 12:13:46 下午 org.eclipse.lsp4j.jsonrpc.RemoteEndpoint handleCancellation
警告: Unmatched cancel notification for request id 8297
11月 14, 2024 12:13:46 下午 org.eclipse.lsp4j.jsonrpc.RemoteEndpoint handleCancellation
警告: Unmatched cancel notification for request id 8296
11月 14, 2024 12:14:02 下午 org.eclipse.lsp4j.jsonrpc.RemoteEndpoint handleCancellation
警告: Unmatched cancel notification for request id 8430
11月 14, 2024 12:16:13 下午 org.eclipse.lsp4j.jsonrpc.RemoteEndpoint handleCancellation
警告: Unmatched cancel notification for request id 9527
11月 14, 2024 12:16:13 下午 org.eclipse.lsp4j.jsonrpc.RemoteEndpoint handleCancellation
警告: Unmatched cancel notification for request id 9526
11月 14, 2024 12:17:15 下午 org.eclipse.lsp4j.jsonrpc.RemoteEndpoint handleCancellation
警告: Unmatched cancel notification for request id 9648
11月 14, 2024 12:17:55 下午 org.eclipse.lsp4j.jsonrpc.RemoteEndpoint handleCancellation
警告: Unmatched cancel notification for request id 9835
11月 14, 2024 12:17:55 下午 org.eclipse.lsp4j.jsonrpc.RemoteEndpoint handleCancellation
警告: Unmatched cancel notification for request id 9836
11月 14, 2024 12:20:03 下午 org.eclipse.lsp4j.jsonrpc.RemoteEndpoint handleCancellation
警告: Unmatched cancel notification for request id 10667
11月 14, 2024 12:20:03 下午 org.eclipse.lsp4j.jsonrpc.RemoteEndpoint handleCancellation
警告: Unmatched cancel notification for request id 10669
11月 14, 2024 12:20:11 下午 org.eclipse.lsp4j.jsonrpc.RemoteEndpoint handleCancellation
警告: Unmatched cancel notification for request id 10735
11月 14, 2024 12:20:11 下午 org.eclipse.lsp4j.jsonrpc.RemoteEndpoint handleCancellation
警告: Unmatched cancel notification for request id 10736
11月 14, 2024 12:20:34 下午 org.eclipse.lsp4j.jsonrpc.RemoteEndpoint handleCancellation
警告: Unmatched cancel notification for request id 11072
11月 14, 2024 12:20:48 下午 org.eclipse.lsp4j.jsonrpc.RemoteEndpoint handleCancellation
警告: Unmatched cancel notification for request id 11156
11月 14, 2024 12:21:07 下午 org.eclipse.lsp4j.jsonrpc.RemoteEndpoint handleCancellation
警告: Unmatched cancel notification for request id 11404
11月 14, 2024 12:21:08 下午 org.eclipse.lsp4j.jsonrpc.RemoteEndpoint handleCancellation
警告: Unmatched cancel notification for request id 11424
11月 14, 2024 12:21:08 下午 org.eclipse.lsp4j.jsonrpc.RemoteEndpoint handleCancellation
警告: Unmatched cancel notification for request id 11429
11月 14, 2024 12:22:11 下午 org.eclipse.lsp4j.jsonrpc.RemoteEndpoint handleCancellation
警告: Unmatched cancel notification for request id 11949
11月 14, 2024 12:22:26 下午 org.eclipse.lsp4j.jsonrpc.RemoteEndpoint handleCancellation
警告: Unmatched cancel notification for request id 12098
11月 14, 2024 12:22:26 下午 org.eclipse.lsp4j.jsonrpc.RemoteEndpoint handleCancellation
警告: Unmatched cancel notification for request id 12097
11月 14, 2024 12:22:32 下午 org.eclipse.lsp4j.jsonrpc.RemoteEndpoint handleCancellation
警告: Unmatched cancel notification for request id 12165
11月 14, 2024 12:22:52 下午 org.eclipse.lsp4j.jsonrpc.RemoteEndpoint handleCancellation
警告: Unmatched cancel notification for request id 12389
11月 14, 2024 12:23:10 下午 org.eclipse.lsp4j.jsonrpc.RemoteEndpoint handleCancellation
警告: Unmatched cancel notification for request id 12466
11月 14, 2024 12:24:09 下午 org.eclipse.lsp4j.jsonrpc.RemoteEndpoint handleCancellation
警告: Unmatched cancel notification for request id 12922
11月 14, 2024 12:24:10 下午 org.eclipse.lsp4j.jsonrpc.RemoteEndpoint handleCancellation
警告: Unmatched cancel notification for request id 12924
11月 14, 2024 12:24:10 下午 org.eclipse.lsp4j.jsonrpc.RemoteEndpoint handleCancellation
警告: Unmatched cancel notification for request id 12925
11月 14, 2024 12:25:52 下午 org.eclipse.lsp4j.jsonrpc.RemoteEndpoint handleCancellation
警告: Unmatched cancel notification for request id 13473
11月 14, 2024 12:27:18 下午 org.eclipse.lsp4j.jsonrpc.RemoteEndpoint handleCancellation
警告: Unmatched cancel notification for request id 13745
11月 14, 2024 12:27:18 下午 org.eclipse.lsp4j.jsonrpc.RemoteEndpoint handleCancellation
警告: Unmatched cancel notification for request id 13747
11月 14, 2024 12:27:24 下午 com.microsoft.java.debug.core.UsageDataSession recordInfo
信息: launch debug info
11月 14, 2024 12:27:25 下午 com.microsoft.java.debug.core.UsageDataSession recordResponse
警告: abnormal response
11月 14, 2024 12:27:33 下午 com.microsoft.java.debug.core.UsageDataSession submitUsageData
信息: session usage data summary
11月 14, 2024 12:32:24 下午 org.eclipse.lsp4j.jsonrpc.RemoteEndpoint handleCancellation
警告: Unmatched cancel notification for request id 14564
11月 14, 2024 12:32:24 下午 org.eclipse.lsp4j.jsonrpc.RemoteEndpoint handleCancellation
警告: Unmatched cancel notification for request id 14565
11月 14, 2024 12:32:35 下午 org.eclipse.lsp4j.jsonrpc.RemoteEndpoint handleCancellation
警告: Unmatched cancel notification for request id 14704
11月 14, 2024 12:32:41 下午 org.eclipse.lsp4j.jsonrpc.RemoteEndpoint handleCancellation
警告: Unmatched cancel notification for request id 14805
11月 14, 2024 12:32:41 下午 org.eclipse.lsp4j.jsonrpc.RemoteEndpoint handleCancellation
警告: Unmatched cancel notification for request id 14806
11月 14, 2024 12:32:41 下午 org.eclipse.lsp4j.jsonrpc.RemoteEndpoint handleCancellation
警告: Unmatched cancel notification for request id 14808
11月 14, 2024 12:32:42 下午 org.eclipse.lsp4j.jsonrpc.RemoteEndpoint handleCancellation
警告: Unmatched cancel notification for request id 14810
11月 14, 2024 12:32:42 下午 org.eclipse.lsp4j.jsonrpc.RemoteEndpoint handleCancellation
警告: Unmatched cancel notification for request id 14807
11月 14, 2024 12:32:42 下午 org.eclipse.lsp4j.jsonrpc.RemoteEndpoint handleCancellation
警告: Unmatched cancel notification for request id 14811
11月 14, 2024 12:32:42 下午 org.eclipse.lsp4j.jsonrpc.RemoteEndpoint handleCancellation
警告: Unmatched cancel notification for request id 14812
11月 14, 2024 12:32:42 下午 org.eclipse.lsp4j.jsonrpc.RemoteEndpoint handleCancellation
警告: Unmatched cancel notification for request id 14813
11月 14, 2024 12:32:42 下午 org.eclipse.lsp4j.jsonrpc.RemoteEndpoint handleCancellation
警告: Unmatched cancel notification for request id 14815
11月 14, 2024 12:32:42 下午 org.eclipse.lsp4j.jsonrpc.RemoteEndpoint handleCancellation
警告: Unmatched cancel notification for request id 14814
11月 14, 2024 12:32:42 下午 org.eclipse.lsp4j.jsonrpc.RemoteEndpoint handleCancellation
警告: Unmatched cancel notification for request id 14817
11月 14, 2024 12:32:42 下午 org.eclipse.lsp4j.jsonrpc.RemoteEndpoint handleCancellation
警告: Unmatched cancel notification for request id 14822
11月 14, 2024 12:32:42 下午 org.eclipse.lsp4j.jsonrpc.RemoteEndpoint handleCancellation
警告: Unmatched cancel notification for request id 14818
11月 14, 2024 12:32:45 下午 org.eclipse.lsp4j.jsonrpc.RemoteEndpoint handleCancellation
警告: Unmatched cancel notification for request id 14857
11月 14, 2024 12:32:46 下午 org.eclipse.lsp4j.jsonrpc.RemoteEndpoint handleCancellation
警告: Unmatched cancel notification for request id 14891
11月 14, 2024 12:35:13 下午 org.eclipse.lsp4j.jsonrpc.RemoteEndpoint handleCancellation
警告: Unmatched cancel notification for request id 15089
11月 14, 2024 12:35:13 下午 org.eclipse.lsp4j.jsonrpc.RemoteEndpoint handleCancellation
警告: Unmatched cancel notification for request id 15090
11月 14, 2024 12:35:13 下午 org.eclipse.lsp4j.jsonrpc.RemoteEndpoint handleCancellation
警告: Unmatched cancel notification for request id 15091
11月 14, 2024 12:35:16 下午 org.eclipse.lsp4j.jsonrpc.RemoteEndpoint handleCancellation
警告: Unmatched cancel notification for request id 15120
11月 14, 2024 12:35:17 下午 org.eclipse.lsp4j.jsonrpc.RemoteEndpoint handleCancellation
警告: Unmatched cancel notification for request id 15123
11月 14, 2024 12:35:17 下午 org.eclipse.lsp4j.jsonrpc.RemoteEndpoint handleCancellation
警告: Unmatched cancel notification for request id 15121
11月 14, 2024 12:35:18 下午 org.eclipse.lsp4j.jsonrpc.RemoteEndpoint handleCancellation
警告: Unmatched cancel notification for request id 15136
11月 14, 2024 12:36:03 下午 org.eclipse.lsp4j.jsonrpc.RemoteEndpoint handleCancellation
警告: Unmatched cancel notification for request id 15565
11月 14, 2024 12:36:54 下午 org.eclipse.lsp4j.jsonrpc.RemoteEndpoint handleCancellation
警告: Unmatched cancel notification for request id 16108
11月 14, 2024 12:37:28 下午 org.eclipse.lsp4j.jsonrpc.RemoteEndpoint handleCancellation
警告: Unmatched cancel notification for request id 16397
11月 14, 2024 12:37:28 下午 org.eclipse.lsp4j.jsonrpc.RemoteEndpoint handleCancellation
警告: Unmatched cancel notification for request id 16409
11月 14, 2024 12:37:37 下午 org.eclipse.lsp4j.jsonrpc.RemoteEndpoint handleCancellation
警告: Unmatched cancel notification for request id 16443
11月 14, 2024 12:37:37 下午 org.eclipse.lsp4j.jsonrpc.RemoteEndpoint handleCancellation
警告: Unmatched cancel notification for request id 16444
11月 14, 2024 12:37:37 下午 org.eclipse.lsp4j.jsonrpc.RemoteEndpoint handleCancellation
警告: Unmatched cancel notification for request id 16448
11月 14, 2024 12:37:37 下午 org.eclipse.lsp4j.jsonrpc.RemoteEndpoint handleCancellation
警告: Unmatched cancel notification for request id 16460
11月 14, 2024 12:37:38 下午 org.eclipse.lsp4j.jsonrpc.RemoteEndpoint handleCancellation
警告: Unmatched cancel notification for request id 16462
11月 14, 2024 12:37:38 下午 org.eclipse.lsp4j.jsonrpc.RemoteEndpoint handleCancellation
警告: Unmatched cancel notification for request id 16465
11月 14, 2024 12:37:38 下午 org.eclipse.lsp4j.jsonrpc.RemoteEndpoint handleCancellation
警告: Unmatched cancel notification for request id 16468
11月 14, 2024 12:37:42 下午 org.eclipse.lsp4j.jsonrpc.RemoteEndpoint handleCancellation
警告: Unmatched cancel notification for request id 16540
11月 14, 2024 12:37:42 下午 org.eclipse.lsp4j.jsonrpc.RemoteEndpoint handleCancellation
警告: Unmatched cancel notification for request id 16542
11月 14, 2024 12:41:06 下午 com.microsoft.java.debug.core.UsageDataSession recordInfo
信息: launch debug info
11月 14, 2024 12:41:08 下午 com.microsoft.java.debug.core.UsageDataSession recordResponse
警告: abnormal response
11月 14, 2024 12:41:08 下午 com.microsoft.java.debug.core.UsageDataSession submitUsageData
信息: session usage data summary
11月 14, 2024 12:41:30 下午 com.microsoft.java.debug.core.UsageDataSession recordInfo
信息: launch debug info
11月 14, 2024 12:41:30 下午 com.microsoft.java.debug.core.UsageDataSession submitUsageData
信息: session usage data summary
